Сборка начата 03.12.2024 10:24:39.
Уровень детализации журнала: Normal.     1>Проект "D:\User\Desktop\StudyAtBSTU\Course_3\Semester5\Subjects\Network application programming\Laboratory works\LBR_05\Solution\New\Client\Client\Client.vcxproj" в узле 2 (целевые объекты Build).
     1>PrepareForBuild:
         Структурированный вывод включен. Форматирование диагностики компилятора будет отражать иерархию ошибок. Подробнее см. https://aka.ms/cpp/structured-output.
         Создание каталога "D:\User\Desktop\StudyAtBSTU\Course_3\Semester5\Subjects\Network application programming\Laboratory works\LBR_05\Solution\New\Client\Client\x64\Release\".
         Создание каталога "Client\x64\Release\Client.tlog\".
       InitializeBuildStatus:
         Создание "Client\x64\Release\Client.tlog\unsuccessfulbuild", так как было задано "AlwaysCreate".
         Обращение к "Client\x64\Release\Client.tlog\unsuccessfulbuild".
       ClCompile:
         C:\Program Files\Microsoft Visual Studio\2022\Community\VC\Tools\MSVC\14.41.34120\bin\HostX64\x64\CL.exe /c /Zi /nologo /W3 /WX- /diagnostics:column /sdl /O2 /Oi /GL /D NDEBUG /D _CONSOLE /D _UNICODE /D UNICODE /Gm- /EHsc /MD /GS /Gy /fp:precise /Zc:wchar_t /Zc:forScope /Zc:inline /permissive- /Fo"Client\x64\Release\\" /Fd"Client\x64\Release\vc143.pdb" /external:W3 /Gd /TP /FC /errorReport:prompt Main.cpp SetErrorMsgText.cpp
         Main.cpp
     1>D:\User\Desktop\StudyAtBSTU\Course_3\Semester5\Subjects\Network application programming\Laboratory works\LBR_05\Solution\New\Client\Client\Main.cpp(15,6): warning C4326: возвращаемый тип "main" должен быть "int", а не "void"
     1>D:\User\Desktop\StudyAtBSTU\Course_3\Semester5\Subjects\Network application programming\Laboratory works\LBR_05\Solution\New\Client\Client\Main.cpp(73,29): warning C4267: аргумент: преобразование из "size_t" в "int"; возможна потеря данных
         SetErrorMsgText.cpp
       Link:
         C:\Program Files\Microsoft Visual Studio\2022\Community\VC\Tools\MSVC\14.41.34120\bin\HostX64\x64\link.exe /ERRORREPORT:PROMPT /OUT:"D:\User\Desktop\StudyAtBSTU\Course_3\Semester5\Subjects\Network application programming\Laboratory works\LBR_05\Solution\New\Client\Client\x64\Release\Client.exe" /NOLOGO kernel32.lib user32.lib gdi32.lib winspool.lib comdlg32.lib advapi32.lib shell32.lib ole32.lib oleaut32.lib uuid.lib odbc32.lib odbccp32.lib /MANIFEST /MANIFESTUAC:"level='asInvoker' uiAccess='false'" /manifest:embed /DEBUG /PDB:"D:\User\Desktop\StudyAtBSTU\Course_3\Semester5\Subjects\Network application programming\Laboratory works\LBR_05\Solution\New\Client\Client\x64\Release\Client.pdb" /SUBSYSTEM:CONSOLE /OPT:REF /OPT:ICF /LTCG:incremental /LTCGOUT:"Client\x64\Release\Client.iobj" /TLBID:1 /DYNAMICBASE /NXCOMPAT /IMPLIB:"D:\User\Desktop\StudyAtBSTU\Course_3\Semester5\Subjects\Network application programming\Laboratory works\LBR_05\Solution\New\Client\Client\x64\Release\Client.lib" /MACHINE:X64 Client\x64\Release\Main.obj
         Client\x64\Release\SetErrorMsgText.obj
         Создание кода
         Previous IPDB not found, fall back to full compilation.
         All 113 functions were compiled because no usable IPDB/IOBJ from previous compilation was found.
         Создание кода завершено
         Client.vcxproj -> D:\User\Desktop\StudyAtBSTU\Course_3\Semester5\Subjects\Network application programming\Laboratory works\LBR_05\Solution\New\Client\Client\x64\Release\Client.exe
       FinalizeBuildStatus:
         Файл "Client\x64\Release\Client.tlog\unsuccessfulbuild" удаляется.
         Обращение к "Client\x64\Release\Client.tlog\Client.lastbuildstate".
     1>Сборка проекта "D:\User\Desktop\StudyAtBSTU\Course_3\Semester5\Subjects\Network application programming\Laboratory works\LBR_05\Solution\New\Client\Client\Client.vcxproj" завершена (целевые объекты Build).

Сборка успешно завершена.

       "D:\User\Desktop\StudyAtBSTU\Course_3\Semester5\Subjects\Network application programming\Laboratory works\LBR_05\Solution\New\Client\Client\Client.vcxproj" (целевой объект Build ) (1) ->
       (Целевой объект ClCompile) -> 
         D:\User\Desktop\StudyAtBSTU\Course_3\Semester5\Subjects\Network application programming\Laboratory works\LBR_05\Solution\New\Client\Client\Main.cpp(15,6): warning C4326: возвращаемый тип "main" должен быть "int", а не "void"
         D:\User\Desktop\StudyAtBSTU\Course_3\Semester5\Subjects\Network application programming\Laboratory works\LBR_05\Solution\New\Client\Client\Main.cpp(73,29): warning C4267: аргумент: преобразование из "size_t" в "int"; возможна потеря данных

    Предупреждений: 2
    Ошибок: 0

Прошло времени 00:00:01.57
