Сборка начата 10.12.2024 9:46:03.
Уровень детализации журнала: Normal.     1>Проект "D:\User\Desktop\StudyAtBSTU\Course_3\Semester5\Subjects\Network application programming\Laboratory works\LBR_05\Solution\New\Client\Client\Client.vcxproj" в узле 2 (целевые объекты Build).
     1>PrepareForBuild:
         Структурированный вывод включен. Форматирование диагностики компилятора будет отражать иерархию ошибок. Подробнее см. https://aka.ms/cpp/structured-output.
       InitializeBuildStatus:
         Создание "Client\x64\Debug\Client.tlog\unsuccessfulbuild", так как было задано "AlwaysCreate".
         Обращение к "Client\x64\Debug\Client.tlog\unsuccessfulbuild".
       ClCompile:
         C:\Program Files\Microsoft Visual Studio\2022\Community\VC\Tools\MSVC\14.41.34120\bin\HostX64\x64\CL.exe /c /ZI /JMC /nologo /W3 /WX- /diagnostics:column /sdl /Od /D _DEBUG /D _CONSOLE /D _UNICODE /D UNICODE /Gm- /EHsc /RTC1 /MDd /GS /fp:precise /Zc:wchar_t /Zc:forScope /Zc:inline /permissive- /Fo"Client\x64\Debug\\" /Fd"Client\x64\Debug\vc143.pdb" /external:W3 /Gd /TP /FC /errorReport:prompt Main.cpp
         Main.cpp
     1>D:\User\Desktop\StudyAtBSTU\Course_3\Semester5\Subjects\Network application programming\Laboratory works\LBR_05\Solution\New\Client\Client\Main.cpp(15,6): warning C4326: возвращаемый тип "main" должен быть "int", а не "void"
     1>D:\User\Desktop\StudyAtBSTU\Course_3\Semester5\Subjects\Network application programming\Laboratory works\LBR_05\Solution\New\Client\Client\Main.cpp(73,29): warning C4267: аргумент: преобразование из "size_t" в "int"; возможна потеря данных
       Link:
         C:\Program Files\Microsoft Visual Studio\2022\Community\VC\Tools\MSVC\14.41.34120\bin\HostX64\x64\link.exe /ERRORREPORT:PROMPT /OUT:"D:\User\Desktop\StudyAtBSTU\Course_3\Semester5\Subjects\Network application programming\Laboratory works\LBR_05\Solution\New\Client\Client\x64\Debug\Client.exe" /INCREMENTAL /ILK:"Client\x64\Debug\Client.ilk" /NOLOGO kernel32.lib user32.lib gdi32.lib winspool.lib comdlg32.lib advapi32.lib shell32.lib ole32.lib oleaut32.lib uuid.lib odbc32.lib odbccp32.lib /MANIFEST /MANIFESTUAC:"level='asInvoker' uiAccess='false'" /manifest:embed /DEBUG /PDB:"D:\User\Desktop\StudyAtBSTU\Course_3\Semester5\Subjects\Network application programming\Laboratory works\LBR_05\Solution\New\Client\Client\x64\Debug\Client.pdb" /SUBSYSTEM:CONSOLE /TLBID:1 /DYNAMICBASE /NXCOMPAT /IMPLIB:"D:\User\Desktop\StudyAtBSTU\Course_3\Semester5\Subjects\Network application programming\Laboratory works\LBR_05\Solution\New\Client\Client\x64\Debug\Client.lib" /MACHINE:X64 Client\x64\Debug\Main.obj
         Client\x64\Debug\SetErrorMsgText.obj
         Client.vcxproj -> D:\User\Desktop\StudyAtBSTU\Course_3\Semester5\Subjects\Network application programming\Laboratory works\LBR_05\Solution\New\Client\Client\x64\Debug\Client.exe
       FinalizeBuildStatus:
         Файл "Client\x64\Debug\Client.tlog\unsuccessfulbuild" удаляется.
         Обращение к "Client\x64\Debug\Client.tlog\Client.lastbuildstate".
     1>Сборка проекта "D:\User\Desktop\StudyAtBSTU\Course_3\Semester5\Subjects\Network application programming\Laboratory works\LBR_05\Solution\New\Client\Client\Client.vcxproj" завершена (целевые объекты Build).

Сборка успешно завершена.

       "D:\User\Desktop\StudyAtBSTU\Course_3\Semester5\Subjects\Network application programming\Laboratory works\LBR_05\Solution\New\Client\Client\Client.vcxproj" (целевой объект Build ) (1) ->
       (Целевой объект ClCompile) -> 
         D:\User\Desktop\StudyAtBSTU\Course_3\Semester5\Subjects\Network application programming\Laboratory works\LBR_05\Solution\New\Client\Client\Main.cpp(15,6): warning C4326: возвращаемый тип "main" должен быть "int", а не "void"
         D:\User\Desktop\StudyAtBSTU\Course_3\Semester5\Subjects\Network application programming\Laboratory works\LBR_05\Solution\New\Client\Client\Main.cpp(73,29): warning C4267: аргумент: преобразование из "size_t" в "int"; возможна потеря данных

    Предупреждений: 2
    Ошибок: 0

Прошло времени 00:00:01.21
