Сборка начата 21.12.2024 10:33:32.
Уровень детализации журнала: Normal.     1>Проект "D:\User\Desktop\StudyAtBSTU\Course_3\Semester5\Subjects\Network application programming\Laboratory works\LBR_07\Solution\ClientMS\ClientMS.vcxproj" в узле 2 (целевые объекты Build).
     1>PrepareForBuild:
         Структурированный вывод включен. Форматирование диагностики компилятора будет отражать иерархию ошибок. Подробнее см. https://aka.ms/cpp/structured-output.
       InitializeBuildStatus:
         Создание "x64\Debug\ClientMS.tlog\unsuccessfulbuild", так как было задано "AlwaysCreate".
         Обращение к "x64\Debug\ClientMS.tlog\unsuccessfulbuild".
       ClCompile:
         C:\Program Files\Microsoft Visual Studio\2022\Community\VC\Tools\MSVC\14.41.34120\bin\HostX64\x64\CL.exe /c /ZI /JMC /nologo /W3 /WX- /diagnostics:column /sdl /Od /D _DEBUG /D _CONSOLE /D _UNICODE /D UNICODE /Gm- /EHsc /RTC1 /MDd /GS /fp:precise /Zc:wchar_t /Zc:forScope /Zc:inline /permissive- /Fo"x64\Debug\\" /Fd"x64\Debug\vc143.pdb" /external:W3 /Gd /TP /FC /errorReport:prompt ClientMS.cpp
         ClientMS.cpp
     1>D:\User\Desktop\StudyAtBSTU\Course_3\Semester5\Subjects\Network application programming\Laboratory works\LBR_07\Solution\ClientMS\ClientMS.cpp(94,45): warning C4267: аргумент: преобразование из "size_t" в "DWORD"; возможна потеря данных
     1>D:\User\Desktop\StudyAtBSTU\Course_3\Semester5\Subjects\Network application programming\Laboratory works\LBR_07\Solution\ClientMS\ClientMS.cpp(107,41): warning C4267: аргумент: преобразование из "size_t" в "DWORD"; возможна потеря данных
       Link:
         C:\Program Files\Microsoft Visual Studio\2022\Community\VC\Tools\MSVC\14.41.34120\bin\HostX64\x64\link.exe /ERRORREPORT:PROMPT /OUT:"D:\User\Desktop\StudyAtBSTU\Course_3\Semester5\Subjects\Network application programming\Laboratory works\LBR_07\Solution\x64\Debug\ClientMS.exe" /INCREMENTAL /ILK:"x64\Debug\ClientMS.ilk" /NOLOGO kernel32.lib user32.lib gdi32.lib winspool.lib comdlg32.lib advapi32.lib shell32.lib ole32.lib oleaut32.lib uuid.lib odbc32.lib odbccp32.lib /MANIFEST /MANIFESTUAC:"level='asInvoker' uiAccess='false'" /manifest:embed /DEBUG /PDB:"D:\User\Desktop\StudyAtBSTU\Course_3\Semester5\Subjects\Network application programming\Laboratory works\LBR_07\Solution\x64\Debug\ClientMS.pdb" /SUBSYSTEM:CONSOLE /TLBID:1 /DYNAMICBASE /NXCOMPAT /IMPLIB:"D:\User\Desktop\StudyAtBSTU\Course_3\Semester5\Subjects\Network application programming\Laboratory works\LBR_07\Solution\x64\Debug\ClientMS.lib" /MACHINE:X64 x64\Debug\ClientMS.obj
         x64\Debug\Errors.obj
         ClientMS.vcxproj -> D:\User\Desktop\StudyAtBSTU\Course_3\Semester5\Subjects\Network application programming\Laboratory works\LBR_07\Solution\x64\Debug\ClientMS.exe
       FinalizeBuildStatus:
         Файл "x64\Debug\ClientMS.tlog\unsuccessfulbuild" удаляется.
         Обращение к "x64\Debug\ClientMS.tlog\ClientMS.lastbuildstate".
     1>Сборка проекта "D:\User\Desktop\StudyAtBSTU\Course_3\Semester5\Subjects\Network application programming\Laboratory works\LBR_07\Solution\ClientMS\ClientMS.vcxproj" завершена (целевые объекты Build).

Сборка успешно завершена.

       "D:\User\Desktop\StudyAtBSTU\Course_3\Semester5\Subjects\Network application programming\Laboratory works\LBR_07\Solution\ClientMS\ClientMS.vcxproj" (целевой объект Build ) (1) ->
       (Целевой объект ClCompile) -> 
         D:\User\Desktop\StudyAtBSTU\Course_3\Semester5\Subjects\Network application programming\Laboratory works\LBR_07\Solution\ClientMS\ClientMS.cpp(94,45): warning C4267: аргумент: преобразование из "size_t" в "DWORD"; возможна потеря данных
         D:\User\Desktop\StudyAtBSTU\Course_3\Semester5\Subjects\Network application programming\Laboratory works\LBR_07\Solution\ClientMS\ClientMS.cpp(107,41): warning C4267: аргумент: преобразование из "size_t" в "DWORD"; возможна потеря данных

    Предупреждений: 2
    Ошибок: 0

Прошло времени 00:00:01.28
