Сборка начата 12.10.2024 11:36:48.
Уровень детализации журнала: Normal.     1>Проект "D:\User\Desktop\StudyAtBSTU\Course_3\Semester5\Subjects\SystemProgramming\LaboratoryWorks\LBR_02\Solution\Lab-02b\Lab02b\Lab02b.vcxproj" в узле 2 (целевые объекты Build).
     1>PrepareForBuild:
         Структурированный вывод включен. Форматирование диагностики компилятора будет отражать иерархию ошибок. Подробнее см. https://aka.ms/cpp/structured-output.
       InitializeBuildStatus:
         Создание "Lab02b\x64\Debug\Lab02b.tlog\unsuccessfulbuild", так как было задано "AlwaysCreate".
         Обращение к "Lab02b\x64\Debug\Lab02b.tlog\unsuccessfulbuild".
       ClCompile:
         Для всех выходных данных обновления не требуется.
       Link:
         Для всех выходных данных обновления не требуется.
         Lab02b.vcxproj -> D:\User\Desktop\StudyAtBSTU\Course_3\Semester5\Subjects\SystemProgramming\LaboratoryWorks\LBR_02\Solution\Lab-02b\Lab02b\x64\Debug\Lab02b.exe
       FinalizeBuildStatus:
         Файл "Lab02b\x64\Debug\Lab02b.tlog\unsuccessfulbuild" удаляется.
         Обращение к "Lab02b\x64\Debug\Lab02b.tlog\Lab02b.lastbuildstate".
     1>Сборка проекта "D:\User\Desktop\StudyAtBSTU\Course_3\Semester5\Subjects\SystemProgramming\LaboratoryWorks\LBR_02\Solution\Lab-02b\Lab02b\Lab02b.vcxproj" завершена (целевые объекты Build).

Сборка успешно завершена.
    Предупреждений: 0
    Ошибок: 0

Прошло времени 00:00:00.04
