Сборка начата 03.12.2024 10:22:24.
Уровень детализации журнала: Normal.     1>Проект "D:\User\Desktop\StudyAtBSTU\Course_3\Semester5\Subjects\Network application programming\Laboratory works\LBR_05\Solution\New\Server\Server\Server.vcxproj" в узле 2 (целевые объекты Build).
     1>PrepareForBuild:
         Структурированный вывод включен. Форматирование диагностики компилятора будет отражать иерархию ошибок. Подробнее см. https://aka.ms/cpp/structured-output.
       InitializeBuildStatus:
         Создание "Server\x64\Debug\Server.tlog\unsuccessfulbuild", так как было задано "AlwaysCreate".
         Обращение к "Server\x64\Debug\Server.tlog\unsuccessfulbuild".
       ClCompile:
         C:\Program Files\Microsoft Visual Studio\2022\Community\VC\Tools\MSVC\14.41.34120\bin\HostX64\x64\CL.exe /c /ZI /JMC /nologo /W3 /WX- /diagnostics:column /sdl /Od /D _DEBUG /D _CONSOLE /D _UNICODE /D UNICODE /Gm- /EHsc /RTC1 /MDd /GS /fp:precise /Zc:wchar_t /Zc:forScope /Zc:inline /permissive- /Fo"Server\x64\Debug\\" /Fd"Server\x64\Debug\vc143.pdb" /external:W3 /Gd /TP /FC /errorReport:prompt Main.cpp SetErrorMsgText.cpp
         Main.cpp
     1>D:\User\Desktop\StudyAtBSTU\Course_3\Semester5\Subjects\Network application programming\Laboratory works\LBR_05\Solution\New\Server\Server\Main.cpp(48,35): warning C4244: аргумент: преобразование "SOCKET" в "short", возможна потеря данных
     1>D:\User\Desktop\StudyAtBSTU\Course_3\Semester5\Subjects\Network application programming\Laboratory works\LBR_05\Solution\New\Server\Server\Main.cpp(56,33): warning C4244: аргумент: преобразование "SOCKET" в "short", возможна потеря данных
     1>D:\User\Desktop\StudyAtBSTU\Course_3\Semester5\Subjects\Network application programming\Laboratory works\LBR_05\Solution\New\Server\Server\Main.cpp(105,41): warning C4267: аргумент: преобразование из "size_t" в "int"; возможна потеря данных
     1>D:\User\Desktop\StudyAtBSTU\Course_3\Semester5\Subjects\Network application programming\Laboratory works\LBR_05\Solution\New\Server\Server\Main.cpp(136,37): warning C4267: аргумент: преобразование из "size_t" в "int"; возможна потеря данных
         SetErrorMsgText.cpp
         Создание кода...
       Link:
         C:\Program Files\Microsoft Visual Studio\2022\Community\VC\Tools\MSVC\14.41.34120\bin\HostX64\x64\link.exe /ERRORREPORT:PROMPT /OUT:"D:\User\Desktop\StudyAtBSTU\Course_3\Semester5\Subjects\Network application programming\Laboratory works\LBR_05\Solution\New\Server\Server\x64\Debug\Server.exe" /INCREMENTAL /ILK:"Server\x64\Debug\Server.ilk" /NOLOGO kernel32.lib user32.lib gdi32.lib winspool.lib comdlg32.lib advapi32.lib shell32.lib ole32.lib oleaut32.lib uuid.lib odbc32.lib odbccp32.lib /MANIFEST /MANIFESTUAC:"level='asInvoker' uiAccess='false'" /manifest:embed /DEBUG /PDB:"D:\User\Desktop\StudyAtBSTU\Course_3\Semester5\Subjects\Network application programming\Laboratory works\LBR_05\Solution\New\Server\Server\x64\Debug\Server.pdb" /SUBSYSTEM:CONSOLE /TLBID:1 /DYNAMICBASE /NXCOMPAT /IMPLIB:"D:\User\Desktop\StudyAtBSTU\Course_3\Semester5\Subjects\Network application programming\Laboratory works\LBR_05\Solution\New\Server\Server\x64\Debug\Server.lib" /MACHINE:X64 Server\x64\Debug\Main.obj
         Server\x64\Debug\SetErrorMsgText.obj
         Server.vcxproj -> D:\User\Desktop\StudyAtBSTU\Course_3\Semester5\Subjects\Network application programming\Laboratory works\LBR_05\Solution\New\Server\Server\x64\Debug\Server.exe
       TlogCleanup:
         Следующие элементы будут удалены из tlogs, так как они были удалены из проекта или сборки: D:\User\Desktop\StudyAtBSTU\Course_3\Semester5\Subjects\Network application programming\Laboratory works\LBR_05\Solution\New_1\Server\Server\Main.cpp.
       FinalizeBuildStatus:
         Файл "Server\x64\Debug\Server.tlog\unsuccessfulbuild" удаляется.
         Обращение к "Server\x64\Debug\Server.tlog\Server.lastbuildstate".
     1>Сборка проекта "D:\User\Desktop\StudyAtBSTU\Course_3\Semester5\Subjects\Network application programming\Laboratory works\LBR_05\Solution\New\Server\Server\Server.vcxproj" завершена (целевые объекты Build).

Сборка успешно завершена.

       "D:\User\Desktop\StudyAtBSTU\Course_3\Semester5\Subjects\Network application programming\Laboratory works\LBR_05\Solution\New\Server\Server\Server.vcxproj" (целевой объект Build ) (1) ->
       (Целевой объект ClCompile) -> 
         D:\User\Desktop\StudyAtBSTU\Course_3\Semester5\Subjects\Network application programming\Laboratory works\LBR_05\Solution\New\Server\Server\Main.cpp(48,35): warning C4244: аргумент: преобразование "SOCKET" в "short", возможна потеря данных
         D:\User\Desktop\StudyAtBSTU\Course_3\Semester5\Subjects\Network application programming\Laboratory works\LBR_05\Solution\New\Server\Server\Main.cpp(56,33): warning C4244: аргумент: преобразование "SOCKET" в "short", возможна потеря данных
         D:\User\Desktop\StudyAtBSTU\Course_3\Semester5\Subjects\Network application programming\Laboratory works\LBR_05\Solution\New\Server\Server\Main.cpp(105,41): warning C4267: аргумент: преобразование из "size_t" в "int"; возможна потеря данных
         D:\User\Desktop\StudyAtBSTU\Course_3\Semester5\Subjects\Network application programming\Laboratory works\LBR_05\Solution\New\Server\Server\Main.cpp(136,37): warning C4267: аргумент: преобразование из "size_t" в "int"; возможна потеря данных

    Предупреждений: 4
    Ошибок: 0

Прошло времени 00:00:02.45
