Сборка начата 01.11.2024 8:26:47.
Уровень детализации журнала: Normal.     1>Проект "D:\User\Desktop\StudyAtBSTU\Course_3\Semester5\Subjects\OperatingSystems\LaboratoryWorks\LBR_06\Solution\OS06_01\OS06_01\OS06_01.vcxproj" в узле 2 (целевые объекты Build).
     1>PrepareForBuild:
         Структурированный вывод включен. Форматирование диагностики компилятора будет отражать иерархию ошибок. Подробнее см. https://aka.ms/cpp/structured-output.
         Создание каталога "D:\User\Desktop\StudyAtBSTU\Course_3\Semester5\Subjects\OperatingSystems\LaboratoryWorks\LBR_06\Solution\OS06_01\OS06_01\Debug\".
         Создание каталога "OS06_01\Debug\OS06_01.tlog\".
       InitializeBuildStatus:
         Создание "OS06_01\Debug\OS06_01.tlog\unsuccessfulbuild", так как было задано "AlwaysCreate".
         Обращение к "OS06_01\Debug\OS06_01.tlog\unsuccessfulbuild".
       ClCompile:
         C:\Program Files\Microsoft Visual Studio\2022\Community\VC\Tools\MSVC\14.41.34120\bin\HostX86\x86\CL.exe /c /ZI /JMC /nologo /W3 /WX- /diagnostics:column /sdl /Od /Oy- /D WIN32 /D _DEBUG /D _CONSOLE /D _UNICODE /D UNICODE /Gm- /EHsc /RTC1 /MDd /GS /fp:precise /Zc:wchar_t /Zc:forScope /Zc:inline /permissive- /Fo"OS06_01\Debug\\" /Fd"OS06_01\Debug\vc143.pdb" /external:W3 /Gd /TP /analyze- /FC /errorReport:prompt Main.cpp
         Main.cpp
       Link:
         C:\Program Files\Microsoft Visual Studio\2022\Community\VC\Tools\MSVC\14.41.34120\bin\HostX86\x86\link.exe /ERRORREPORT:PROMPT /OUT:"D:\User\Desktop\StudyAtBSTU\Course_3\Semester5\Subjects\OperatingSystems\LaboratoryWorks\LBR_06\Solution\OS06_01\OS06_01\Debug\OS06_01.exe" /INCREMENTAL /ILK:"OS06_01\Debug\OS06_01.ilk" /NOLOGO kernel32.lib user32.lib gdi32.lib winspool.lib comdlg32.lib advapi32.lib shell32.lib ole32.lib oleaut32.lib uuid.lib odbc32.lib odbccp32.lib /MANIFEST /MANIFESTUAC:"level='asInvoker' uiAccess='false'" /manifest:embed /DEBUG /PDB:"D:\User\Desktop\StudyAtBSTU\Course_3\Semester5\Subjects\OperatingSystems\LaboratoryWorks\LBR_06\Solution\OS06_01\OS06_01\Debug\OS06_01.pdb" /SUBSYSTEM:CONSOLE /TLBID:1 /DYNAMICBASE /NXCOMPAT /IMPLIB:"D:\User\Desktop\StudyAtBSTU\Course_3\Semester5\Subjects\OperatingSystems\LaboratoryWorks\LBR_06\Solution\OS06_01\OS06_01\Debug\OS06_01.lib" /MACHINE:X86 OS06_01\Debug\Main.obj
         OS06_01.vcxproj -> D:\User\Desktop\StudyAtBSTU\Course_3\Semester5\Subjects\OperatingSystems\LaboratoryWorks\LBR_06\Solution\OS06_01\OS06_01\Debug\OS06_01.exe
       FinalizeBuildStatus:
         Файл "OS06_01\Debug\OS06_01.tlog\unsuccessfulbuild" удаляется.
         Обращение к "OS06_01\Debug\OS06_01.tlog\OS06_01.lastbuildstate".
     1>Сборка проекта "D:\User\Desktop\StudyAtBSTU\Course_3\Semester5\Subjects\OperatingSystems\LaboratoryWorks\LBR_06\Solution\OS06_01\OS06_01\OS06_01.vcxproj" завершена (целевые объекты Build).

Сборка успешно завершена.
    Предупреждений: 0
    Ошибок: 0

Прошло времени 00:00:01.56
