Сборка начата 12.11.2024 10:27:54.
Уровень детализации журнала: Normal.     1>Проект "D:\User\Desktop\StudyAtBSTU\Course_3\Semester5\Subjects\Network application programming\Laboratory works\LBR_05\Solution\ServerB\ServerB\ServerB.vcxproj" в узле 2 (целевые объекты Build).
     1>PrepareForBuild:
         Структурированный вывод включен. Форматирование диагностики компилятора будет отражать иерархию ошибок. Подробнее см. https://aka.ms/cpp/structured-output.
       InitializeBuildStatus:
         Создание "ServerB\x64\Debug\ServerB.tlog\unsuccessfulbuild", так как было задано "AlwaysCreate".
         Обращение к "ServerB\x64\Debug\ServerB.tlog\unsuccessfulbuild".
       ClCompile:
         C:\Program Files\Microsoft Visual Studio\2022\Community\VC\Tools\MSVC\14.41.34120\bin\HostX64\x64\CL.exe /c /ZI /JMC /nologo /W3 /WX- /diagnostics:column /sdl /Od /D _DEBUG /D _CONSOLE /D _UNICODE /D UNICODE /Gm- /EHsc /RTC1 /MDd /GS /fp:precise /Zc:wchar_t /Zc:forScope /Zc:inline /permissive- /Fo"ServerB\x64\Debug\\" /Fd"ServerB\x64\Debug\vc143.pdb" /external:W3 /Gd /TP /FC /errorReport:prompt ServerB.cpp
         ServerB.cpp
     1>D:\User\Desktop\StudyAtBSTU\Course_3\Semester5\Subjects\Network application programming\Laboratory works\LBR_05\Solution\ServerB\ServerB\ServerB.cpp(52,44): warning C4244: аргумент: преобразование "SOCKET" в "short", возможна потеря данных
     1>D:\User\Desktop\StudyAtBSTU\Course_3\Semester5\Subjects\Network application programming\Laboratory works\LBR_05\Solution\ServerB\ServerB\ServerB.cpp(71,45): warning C4244: аргумент: преобразование "SOCKET" в "short", возможна потеря данных
     1>D:\User\Desktop\StudyAtBSTU\Course_3\Semester5\Subjects\Network application programming\Laboratory works\LBR_05\Solution\ServerB\ServerB\ServerB.cpp(117,17): warning C4267: инициализация: преобразование из "size_t" в "int"; возможна потеря данных
     1>D:\User\Desktop\StudyAtBSTU\Course_3\Semester5\Subjects\Network application programming\Laboratory works\LBR_05\Solution\ServerB\ServerB\ServerB.cpp(142,43): warning C4267: аргумент: преобразование из "size_t" в "int"; возможна потеря данных
       Link:
         C:\Program Files\Microsoft Visual Studio\2022\Community\VC\Tools\MSVC\14.41.34120\bin\HostX64\x64\link.exe /ERRORREPORT:PROMPT /OUT:"D:\User\Desktop\StudyAtBSTU\Course_3\Semester5\Subjects\Network application programming\Laboratory works\LBR_05\Solution\ServerB\ServerB\x64\Debug\ServerB.exe" /INCREMENTAL /ILK:"ServerB\x64\Debug\ServerB.ilk" /NOLOGO kernel32.lib user32.lib gdi32.lib winspool.lib comdlg32.lib advapi32.lib shell32.lib ole32.lib oleaut32.lib uuid.lib odbc32.lib odbccp32.lib /MANIFEST /MANIFESTUAC:"level='asInvoker' uiAccess='false'" /manifest:embed /DEBUG /PDB:"D:\User\Desktop\StudyAtBSTU\Course_3\Semester5\Subjects\Network application programming\Laboratory works\LBR_05\Solution\ServerB\ServerB\x64\Debug\ServerB.pdb" /SUBSYSTEM:CONSOLE /TLBID:1 /DYNAMICBASE /NXCOMPAT /IMPLIB:"D:\User\Desktop\StudyAtBSTU\Course_3\Semester5\Subjects\Network application programming\Laboratory works\LBR_05\Solution\ServerB\ServerB\x64\Debug\ServerB.lib" /MACHINE:X64 ServerB\x64\Debug\Errors.obj
         ServerB\x64\Debug\ServerB.obj
         ServerB.vcxproj -> D:\User\Desktop\StudyAtBSTU\Course_3\Semester5\Subjects\Network application programming\Laboratory works\LBR_05\Solution\ServerB\ServerB\x64\Debug\ServerB.exe
       FinalizeBuildStatus:
         Файл "ServerB\x64\Debug\ServerB.tlog\unsuccessfulbuild" удаляется.
         Обращение к "ServerB\x64\Debug\ServerB.tlog\ServerB.lastbuildstate".
     1>Сборка проекта "D:\User\Desktop\StudyAtBSTU\Course_3\Semester5\Subjects\Network application programming\Laboratory works\LBR_05\Solution\ServerB\ServerB\ServerB.vcxproj" завершена (целевые объекты Build).

Сборка успешно завершена.

       "D:\User\Desktop\StudyAtBSTU\Course_3\Semester5\Subjects\Network application programming\Laboratory works\LBR_05\Solution\ServerB\ServerB\ServerB.vcxproj" (целевой объект Build ) (1) ->
       (Целевой объект ClCompile) -> 
         D:\User\Desktop\StudyAtBSTU\Course_3\Semester5\Subjects\Network application programming\Laboratory works\LBR_05\Solution\ServerB\ServerB\ServerB.cpp(52,44): warning C4244: аргумент: преобразование "SOCKET" в "short", возможна потеря данных
         D:\User\Desktop\StudyAtBSTU\Course_3\Semester5\Subjects\Network application programming\Laboratory works\LBR_05\Solution\ServerB\ServerB\ServerB.cpp(71,45): warning C4244: аргумент: преобразование "SOCKET" в "short", возможна потеря данных
         D:\User\Desktop\StudyAtBSTU\Course_3\Semester5\Subjects\Network application programming\Laboratory works\LBR_05\Solution\ServerB\ServerB\ServerB.cpp(117,17): warning C4267: инициализация: преобразование из "size_t" в "int"; возможна потеря данных
         D:\User\Desktop\StudyAtBSTU\Course_3\Semester5\Subjects\Network application programming\Laboratory works\LBR_05\Solution\ServerB\ServerB\ServerB.cpp(142,43): warning C4267: аргумент: преобразование из "size_t" в "int"; возможна потеря данных

    Предупреждений: 4
    Ошибок: 0

Прошло времени 00:00:01.12
