Сборка начата 16.11.2024 10:53:31.
Уровень детализации журнала: Normal.     1>Проект "D:\User\Desktop\StudyAtBSTU\Course_3\Semester5\Subjects\SystemProgramming\LaboratoryWorks\LBR_05\Solution\Lab-05с\Lab-05c\Lab-05c.vcxproj" в узле 2 (целевые объекты Build).
     1>PrepareForBuild:
         Структурированный вывод включен. Форматирование диагностики компилятора будет отражать иерархию ошибок. Подробнее см. https://aka.ms/cpp/structured-output.
       InitializeBuildStatus:
         Создание "Lab-05c\x64\Debug\Lab-05c.tlog\unsuccessfulbuild", так как было задано "AlwaysCreate".
         Обращение к "Lab-05c\x64\Debug\Lab-05c.tlog\unsuccessfulbuild".
       ClCompile:
         C:\Program Files\Microsoft Visual Studio\2022\Community\VC\Tools\MSVC\14.41.34120\bin\HostX64\x64\CL.exe /c /ZI /JMC /nologo /W3 /WX- /diagnostics:column /sdl /Od /D _DEBUG /D _CONSOLE /D _UNICODE /D UNICODE /Gm- /EHsc /RTC1 /MDd /GS /fp:precise /Zc:wchar_t /Zc:forScope /Zc:inline /permissive- /Fo"Lab-05c\x64\Debug\\" /Fd"Lab-05c\x64\Debug\vc143.pdb" /external:W3 /Gd /TP /FC /errorReport:prompt Main.cpp
         Main.cpp
     1>D:\User\Desktop\StudyAtBSTU\Course_3\Semester5\Subjects\SystemProgramming\LaboratoryWorks\LBR_05\Solution\Lab-05с\Lab-05c\Main.cpp(18,16): warning C4477: "printf": в строке форматирования "%zu" требуется аргумент типа "unsigned __int64", но вариативный аргумент "2" имеет тип "DWORD"
             D:\User\Desktop\StudyAtBSTU\Course_3\Semester5\Subjects\SystemProgramming\LaboratoryWorks\LBR_05\Solution\Lab-05с\Lab-05c\Main.cpp(18,16):
             рекомендуется использовать "%lu" в строке форматирования
         
       Link:
         C:\Program Files\Microsoft Visual Studio\2022\Community\VC\Tools\MSVC\14.41.34120\bin\HostX64\x64\link.exe /ERRORREPORT:PROMPT /OUT:"D:\User\Desktop\StudyAtBSTU\Course_3\Semester5\Subjects\SystemProgramming\LaboratoryWorks\LBR_05\Solution\Lab-05с\Lab-05c\x64\Debug\Lab-05c.exe" /INCREMENTAL /ILK:"Lab-05c\x64\Debug\Lab-05c.ilk" /NOLOGO kernel32.lib user32.lib gdi32.lib winspool.lib comdlg32.lib advapi32.lib shell32.lib ole32.lib oleaut32.lib uuid.lib odbc32.lib odbccp32.lib /MANIFEST /MANIFESTUAC:"level='asInvoker' uiAccess='false'" /manifest:embed /DEBUG /PDB:"D:\User\Desktop\StudyAtBSTU\Course_3\Semester5\Subjects\SystemProgramming\LaboratoryWorks\LBR_05\Solution\Lab-05с\Lab-05c\x64\Debug\Lab-05c.pdb" /SUBSYSTEM:CONSOLE /TLBID:1 /DYNAMICBASE /NXCOMPAT /IMPLIB:"D:\User\Desktop\StudyAtBSTU\Course_3\Semester5\Subjects\SystemProgramming\LaboratoryWorks\LBR_05\Solution\Lab-05с\Lab-05c\x64\Debug\Lab-05c.lib" /MACHINE:X64 "Lab-05c\x64\Debug\Main.obj"
         Lab-05c.vcxproj -> D:\User\Desktop\StudyAtBSTU\Course_3\Semester5\Subjects\SystemProgramming\LaboratoryWorks\LBR_05\Solution\Lab-05с\Lab-05c\x64\Debug\Lab-05c.exe
       FinalizeBuildStatus:
         Файл "Lab-05c\x64\Debug\Lab-05c.tlog\unsuccessfulbuild" удаляется.
         Обращение к "Lab-05c\x64\Debug\Lab-05c.tlog\Lab-05c.lastbuildstate".
     1>Сборка проекта "D:\User\Desktop\StudyAtBSTU\Course_3\Semester5\Subjects\SystemProgramming\LaboratoryWorks\LBR_05\Solution\Lab-05с\Lab-05c\Lab-05c.vcxproj" завершена (целевые объекты Build).

Сборка успешно завершена.

       "D:\User\Desktop\StudyAtBSTU\Course_3\Semester5\Subjects\SystemProgramming\LaboratoryWorks\LBR_05\Solution\Lab-05с\Lab-05c\Lab-05c.vcxproj" (целевой объект Build ) (1) ->
       (Целевой объект ClCompile) -> 
         D:\User\Desktop\StudyAtBSTU\Course_3\Semester5\Subjects\SystemProgramming\LaboratoryWorks\LBR_05\Solution\Lab-05с\Lab-05c\Main.cpp(18,16): warning C4477: "printf": в строке форматирования "%zu" требуется аргумент типа "unsigned __int64", но вариативный аргумент "2" имеет тип "DWORD"

    Предупреждений: 1
    Ошибок: 0

Прошло времени 00:00:00.58
