"2024-09-11 10:45:55 [main] INFO  b.s.s.Lbr02ExampleApplication - Starting Lbr02ExampleApplication using Java 22.0.1 with PID 13572 (D:\User\Desktop\StudyAtBSTU\Course_3\Semester5\Subjects\Internet programming technology\LaboratoryWorks\LBR_02\Solution(MyVar)\LBR_02(MyVar)\target\classes started by User in D:\User\Desktop\StudyAtBSTU\Course_3\Semester5\Subjects\Internet programming technology\LaboratoryWorks\LBR_02\Solution(MyVar)\LBR_02(MyVar))
""2024-09-11 10:45:55 [main] INFO  b.s.s.Lbr02ExampleApplication - No active profile set, falling back to 1 default profile: "default"
""2024-09-11 10:45:55 [main] INFO  o.s.b.w.e.tomcat.TomcatWebServer - Tomcat initialized with port 8080 (http)
""2024-09-11 10:45:55 [main] INFO  o.a.catalina.core.StandardService - Starting service [Tomcat]
""2024-09-11 10:45:55 [main] INFO  o.a.catalina.core.StandardEngine - Starting Servlet engine: [Apache Tomcat/10.1.28]
""2024-09-11 10:45:55 [main] INFO  o.a.c.c.C.[Tomcat].[localhost].[/] - Initializing Spring embedded WebApplicationContext
""2024-09-11 10:45:55 [main] INFO  o.s.b.w.s.c.ServletWebServerApplicationContext - Root WebApplicationContext: initialization completed in 683 ms
""2024-09-11 10:45:55 [main] WARN  o.t.templatemode.TemplateMode - [THYMELEAF][main] Unknown Template Mode 'HTML5'. Must be one of: 'HTML', 'XML', 'TEXT', 'JAVASCRIPT', 'CSS', 'RAW'. Using default Template Mode 'HTML'.
""2024-09-11 10:45:55 [main] INFO  o.s.b.a.w.s.WelcomePageHandlerMapping - Adding welcome page template: index
""2024-09-11 10:45:56 [main] INFO  o.s.b.w.e.tomcat.TomcatWebServer - Tomcat started on port 8080 (http) with context path '/'
""2024-09-11 10:45:56 [main] INFO  b.s.s.Lbr02ExampleApplication - Started Lbr02ExampleApplication in 1.335 seconds (process running for 1.73)
""2024-09-11 10:46:06 [http-nio-8080-exec-1] INFO  o.a.c.c.C.[Tomcat].[localhost].[/] - Initializing Spring DispatcherServlet 'dispatcherServlet'
""2024-09-11 10:46:06 [http-nio-8080-exec-1] INFO  b.s.s.controller.BankController - /index was called
""2024-09-11 10:46:10 [http-nio-8080-exec-4] ERROR org.thymeleaf.TemplateEngine - [THYMELEAF][http-nio-8080-exec-4] Exception processing template "cardlist": An error happened during template parsing (template: "templates/WEB-INF/cardlist.html")
"org.thymeleaf.exceptions.TemplateInputException: An error happened during template parsing (template: "templates/WEB-INF/cardlist.html")
	at org.thymeleaf.templateparser.markup.AbstractMarkupTemplateParser.parse(AbstractMarkupTemplateParser.java:241)
	at org.thymeleaf.templateparser.markup.AbstractMarkupTemplateParser.parseStandalone(AbstractMarkupTemplateParser.java:100)
	at org.thymeleaf.engine.TemplateManager.parseAndProcess(TemplateManager.java:666)
	at org.thymeleaf.TemplateEngine.process(TemplateEngine.java:1103)
	at org.thymeleaf.TemplateEngine.process(TemplateEngine.java:1077)
	at org.thymeleaf.spring6.view.ThymeleafView.renderFragment(ThymeleafView.java:372)
	at org.thymeleaf.spring6.view.ThymeleafView.render(ThymeleafView.java:192)
	at org.springframework.web.servlet.DispatcherServlet.render(DispatcherServlet.java:1432)
	at org.springframework.web.servlet.DispatcherServlet.processDispatchResult(DispatcherServlet.java:1168)
	at org.springframework.web.servlet.DispatcherServlet.doDispatch(DispatcherServlet.java:1106)
	at org.springframework.web.servlet.DispatcherServlet.doService(DispatcherServlet.java:979)
	at org.springframework.web.servlet.FrameworkServlet.processRequest(FrameworkServlet.java:1014)
	at org.springframework.web.servlet.FrameworkServlet.doGet(FrameworkServlet.java:903)
	at jakarta.servlet.http.HttpServlet.service(HttpServlet.java:564)
	at org.springframework.web.servlet.FrameworkServlet.service(FrameworkServlet.java:885)
	at jakarta.servlet.http.HttpServlet.service(HttpServlet.java:658)
	at org.apache.catalina.core.ApplicationFilterChain.internalDoFilter(ApplicationFilterChain.java:195)
	at org.apache.catalina.core.ApplicationFilterChain.doFilter(ApplicationFilterChain.java:140)
	at org.apache.tomcat.websocket.server.WsFilter.doFilter(WsFilter.java:51)
	at org.apache.catalina.core.ApplicationFilterChain.internalDoFilter(ApplicationFilterChain.java:164)
	at org.apache.catalina.core.ApplicationFilterChain.doFilter(ApplicationFilterChain.java:140)
	at org.springframework.web.filter.RequestContextFilter.doFilterInternal(RequestContextFilter.java:100)
	at org.springframework.web.filter.OncePerRequestFilter.doFilter(OncePerRequestFilter.java:116)
	at org.apache.catalina.core.ApplicationFilterChain.internalDoFilter(ApplicationFilterChain.java:164)
	at org.apache.catalina.core.ApplicationFilterChain.doFilter(ApplicationFilterChain.java:140)
	at org.springframework.web.filter.FormContentFilter.doFilterInternal(FormContentFilter.java:93)
	at org.springframework.web.filter.OncePerRequestFilter.doFilter(OncePerRequestFilter.java:116)
	at org.apache.catalina.core.ApplicationFilterChain.internalDoFilter(ApplicationFilterChain.java:164)
	at org.apache.catalina.core.ApplicationFilterChain.doFilter(ApplicationFilterChain.java:140)
	at org.springframework.web.filter.CharacterEncodingFilter.doFilterInternal(CharacterEncodingFilter.java:201)
	at org.springframework.web.filter.OncePerRequestFilter.doFilter(OncePerRequestFilter.java:116)
	at org.apache.catalina.core.ApplicationFilterChain.internalDoFilter(ApplicationFilterChain.java:164)
	at org.apache.catalina.core.ApplicationFilterChain.doFilter(ApplicationFilterChain.java:140)
	at org.apache.catalina.core.StandardWrapperValve.invoke(StandardWrapperValve.java:167)
	at org.apache.catalina.core.StandardContextValve.invoke(StandardContextValve.java:90)
	at org.apache.catalina.authenticator.AuthenticatorBase.invoke(AuthenticatorBase.java:483)
	at org.apache.catalina.core.StandardHostValve.invoke(StandardHostValve.java:115)
	at org.apache.catalina.valves.ErrorReportValve.invoke(ErrorReportValve.java:93)
	at org.apache.catalina.core.StandardEngineValve.invoke(StandardEngineValve.java:74)
	at org.apache.catalina.connector.CoyoteAdapter.service(CoyoteAdapter.java:344)
	at org.apache.coyote.http11.Http11Processor.service(Http11Processor.java:384)
	at org.apache.coyote.AbstractProcessorLight.process(AbstractProcessorLight.java:63)
	at org.apache.coyote.AbstractProtocol$ConnectionHandler.process(AbstractProtocol.java:904)
	at org.apache.tomcat.util.net.NioEndpoint$SocketProcessor.doRun(NioEndpoint.java:1741)
	at org.apache.tomcat.util.net.SocketProcessorBase.run(SocketProcessorBase.java:52)
	at org.apache.tomcat.util.threads.ThreadPoolExecutor.runWorker(ThreadPoolExecutor.java:1190)
	at org.apache.tomcat.util.threads.ThreadPoolExecutor$Worker.run(ThreadPoolExecutor.java:659)
	at org.apache.tomcat.util.threads.TaskThread$WrappingRunnable.run(TaskThread.java:63)
	at java.base/java.lang.Thread.run(Thread.java:1570)
Caused by: org.attoparser.ParseException: Exception evaluating SpringEL expression: "card.number" (template: "cardlist" - line 32, col 40)
	at org.attoparser.MarkupParser.parseDocument(MarkupParser.java:393)
	at org.attoparser.MarkupParser.parse(MarkupParser.java:257)
	at org.thymeleaf.templateparser.markup.AbstractMarkupTemplateParser.parse(AbstractMarkupTemplateParser.java:230)
	... 48 common frames omitted
Caused by: org.thymeleaf.exceptions.TemplateProcessingException: Exception evaluating SpringEL expression: "card.number" (template: "cardlist" - line 32, col 40)
	at org.thymeleaf.spring6.expression.SPELVariableExpressionEvaluator.evaluate(SPELVariableExpressionEvaluator.java:292)
	at org.thymeleaf.standard.expression.VariableExpression.executeVariableExpression(VariableExpression.java:166)
	at org.thymeleaf.standard.expression.SimpleExpression.executeSimple(SimpleExpression.java:66)
	at org.thymeleaf.standard.expression.Expression.execute(Expression.java:109)
	at org.thymeleaf.standard.expression.Expression.execute(Expression.java:138)
	at org.thymeleaf.standard.processor.StandardUtextTagProcessor.doProcess(StandardUtextTagProcessor.java:87)
	at org.thymeleaf.processor.element.AbstractAttributeTagProcessor.doProcess(AbstractAttributeTagProcessor.java:74)
	at org.thymeleaf.processor.element.AbstractElementTagProcessor.process(AbstractElementTagProcessor.java:95)
	at org.thymeleaf.util.ProcessorConfigurationUtils$ElementTagProcessorWrapper.process(ProcessorConfigurationUtils.java:633)
	at org.thymeleaf.engine.ProcessorTemplateHandler.handleOpenElement(ProcessorTemplateHandler.java:1314)
	at org.thymeleaf.engine.OpenElementTag.beHandled(OpenElementTag.java:205)
	at org.thymeleaf.engine.Model.process(Model.java:282)
	at org.thymeleaf.engine.Model.process(Model.java:290)
	at org.thymeleaf.engine.IteratedGatheringModelProcessable.processIterationModel(IteratedGatheringModelProcessable.java:368)
	at org.thymeleaf.engine.IteratedGatheringModelProcessable.process(IteratedGatheringModelProcessable.java:222)
	at org.thymeleaf.engine.ProcessorTemplateHandler.handleCloseElement(ProcessorTemplateHandler.java:1640)
	at org.thymeleaf.engine.TemplateHandlerAdapterMarkupHandler.handleCloseElementEnd(TemplateHandlerAdapterMarkupHandler.java:388)
	at org.thymeleaf.templateparser.markup.InlinedOutputExpressionMarkupHandler$InlineMarkupAdapterPreProcessorHandler.handleCloseElementEnd(InlinedOutputExpressionMarkupHandler.java:322)
	at org.thymeleaf.standard.inline.OutputExpressionInlinePreProcessorHandler.handleCloseElementEnd(OutputExpressionInlinePreProcessorHandler.java:220)
	at org.thymeleaf.templateparser.markup.InlinedOutputExpressionMarkupHandler.handleCloseElementEnd(InlinedOutputExpressionMarkupHandler.java:164)
	at org.attoparser.HtmlElement.handleCloseElementEnd(HtmlElement.java:169)
	at org.attoparser.HtmlMarkupHandler.handleCloseElementEnd(HtmlMarkupHandler.java:412)
	at org.attoparser.MarkupEventProcessorHandler.handleCloseElementEnd(MarkupEventProcessorHandler.java:473)
	at org.attoparser.ParsingElementMarkupUtil.parseCloseElement(ParsingElementMarkupUtil.java:201)
	at org.attoparser.MarkupParser.parseBuffer(MarkupParser.java:725)
	at org.attoparser.MarkupParser.parseDocument(MarkupParser.java:301)
	... 50 common frames omitted
Caused by: org.springframework.expression.spel.SpelEvaluationException: EL1007E: Property or field 'number' cannot be found on null
	at org.springframework.expression.spel.ast.PropertyOrFieldReference.readProperty(PropertyOrFieldReference.java:225)
	at org.springframework.expression.spel.ast.PropertyOrFieldReference.getValueInternal(PropertyOrFieldReference.java:112)
	at org.springframework.expression.spel.ast.PropertyOrFieldReference$AccessorValueRef.getValue(PropertyOrFieldReference.java:417)
	at org.springframework.expression.spel.ast.CompoundExpression.getValueInternal(CompoundExpression.java:97)
	at org.springframework.expression.spel.ast.SpelNodeImpl.getValue(SpelNodeImpl.java:114)
	at org.springframework.expression.spel.standard.SpelExpression.getValue(SpelExpression.java:338)
	at org.thymeleaf.spring6.expression.SPELVariableExpressionEvaluator.evaluate(SPELVariableExpressionEvaluator.java:265)
	... 75 common frames omitted
"2024-09-11 10:46:10 [http-nio-8080-exec-4] ERROR o.a.c.c.C.[.[.[.[dispatcherServlet] - Servlet.service() for servlet [dispatcherServlet] in context with path [] threw exception [Request processing failed: org.thymeleaf.exceptions.TemplateInputException: An error happened during template parsing (template: "templates/WEB-INF/cardlist.html")] with root cause
"org.springframework.expression.spel.SpelEvaluationException: EL1007E: Property or field 'number' cannot be found on null
	at org.springframework.expression.spel.ast.PropertyOrFieldReference.readProperty(PropertyOrFieldReference.java:225)
	at org.springframework.expression.spel.ast.PropertyOrFieldReference.getValueInternal(PropertyOrFieldReference.java:112)
	at org.springframework.expression.spel.ast.PropertyOrFieldReference$AccessorValueRef.getValue(PropertyOrFieldReference.java:417)
	at org.springframework.expression.spel.ast.CompoundExpression.getValueInternal(CompoundExpression.java:97)
	at org.springframework.expression.spel.ast.SpelNodeImpl.getValue(SpelNodeImpl.java:114)
	at org.springframework.expression.spel.standard.SpelExpression.getValue(SpelExpression.java:338)
	at org.thymeleaf.spring6.expression.SPELVariableExpressionEvaluator.evaluate(SPELVariableExpressionEvaluator.java:265)
	at org.thymeleaf.standard.expression.VariableExpression.executeVariableExpression(VariableExpression.java:166)
	at org.thymeleaf.standard.expression.SimpleExpression.executeSimple(SimpleExpression.java:66)
	at org.thymeleaf.standard.expression.Expression.execute(Expression.java:109)
	at org.thymeleaf.standard.expression.Expression.execute(Expression.java:138)
	at org.thymeleaf.standard.processor.StandardUtextTagProcessor.doProcess(StandardUtextTagProcessor.java:87)
	at org.thymeleaf.processor.element.AbstractAttributeTagProcessor.doProcess(AbstractAttributeTagProcessor.java:74)
	at org.thymeleaf.processor.element.AbstractElementTagProcessor.process(AbstractElementTagProcessor.java:95)
	at org.thymeleaf.util.ProcessorConfigurationUtils$ElementTagProcessorWrapper.process(ProcessorConfigurationUtils.java:633)
	at org.thymeleaf.engine.ProcessorTemplateHandler.handleOpenElement(ProcessorTemplateHandler.java:1314)
	at org.thymeleaf.engine.OpenElementTag.beHandled(OpenElementTag.java:205)
	at org.thymeleaf.engine.Model.process(Model.java:282)
	at org.thymeleaf.engine.Model.process(Model.java:290)
	at org.thymeleaf.engine.IteratedGatheringModelProcessable.processIterationModel(IteratedGatheringModelProcessable.java:368)
	at org.thymeleaf.engine.IteratedGatheringModelProcessable.process(IteratedGatheringModelProcessable.java:222)
	at org.thymeleaf.engine.ProcessorTemplateHandler.handleCloseElement(ProcessorTemplateHandler.java:1640)
	at org.thymeleaf.engine.TemplateHandlerAdapterMarkupHandler.handleCloseElementEnd(TemplateHandlerAdapterMarkupHandler.java:388)
	at org.thymeleaf.templateparser.markup.InlinedOutputExpressionMarkupHandler$InlineMarkupAdapterPreProcessorHandler.handleCloseElementEnd(InlinedOutputExpressionMarkupHandler.java:322)
	at org.thymeleaf.standard.inline.OutputExpressionInlinePreProcessorHandler.handleCloseElementEnd(OutputExpressionInlinePreProcessorHandler.java:220)
	at org.thymeleaf.templateparser.markup.InlinedOutputExpressionMarkupHandler.handleCloseElementEnd(InlinedOutputExpressionMarkupHandler.java:164)
	at org.attoparser.HtmlElement.handleCloseElementEnd(HtmlElement.java:169)
	at org.attoparser.HtmlMarkupHandler.handleCloseElementEnd(HtmlMarkupHandler.java:412)
	at org.attoparser.MarkupEventProcessorHandler.handleCloseElementEnd(MarkupEventProcessorHandler.java:473)
	at org.attoparser.ParsingElementMarkupUtil.parseCloseElement(ParsingElementMarkupUtil.java:201)
	at org.attoparser.MarkupParser.parseBuffer(MarkupParser.java:725)
	at org.attoparser.MarkupParser.parseDocument(MarkupParser.java:301)
	at org.attoparser.MarkupParser.parse(MarkupParser.java:257)
	at org.thymeleaf.templateparser.markup.AbstractMarkupTemplateParser.parse(AbstractMarkupTemplateParser.java:230)
	at org.thymeleaf.templateparser.markup.AbstractMarkupTemplateParser.parseStandalone(AbstractMarkupTemplateParser.java:100)
	at org.thymeleaf.engine.TemplateManager.parseAndProcess(TemplateManager.java:666)
	at org.thymeleaf.TemplateEngine.process(TemplateEngine.java:1103)
	at org.thymeleaf.TemplateEngine.process(TemplateEngine.java:1077)
	at org.thymeleaf.spring6.view.ThymeleafView.renderFragment(ThymeleafView.java:372)
	at org.thymeleaf.spring6.view.ThymeleafView.render(ThymeleafView.java:192)
	at org.springframework.web.servlet.DispatcherServlet.render(DispatcherServlet.java:1432)
	at org.springframework.web.servlet.DispatcherServlet.processDispatchResult(DispatcherServlet.java:1168)
	at org.springframework.web.servlet.DispatcherServlet.doDispatch(DispatcherServlet.java:1106)
	at org.springframework.web.servlet.DispatcherServlet.doService(DispatcherServlet.java:979)
	at org.springframework.web.servlet.FrameworkServlet.processRequest(FrameworkServlet.java:1014)
	at org.springframework.web.servlet.FrameworkServlet.doGet(FrameworkServlet.java:903)
	at jakarta.servlet.http.HttpServlet.service(HttpServlet.java:564)
	at org.springframework.web.servlet.FrameworkServlet.service(FrameworkServlet.java:885)
	at jakarta.servlet.http.HttpServlet.service(HttpServlet.java:658)
	at org.apache.catalina.core.ApplicationFilterChain.internalDoFilter(ApplicationFilterChain.java:195)
	at org.apache.catalina.core.ApplicationFilterChain.doFilter(ApplicationFilterChain.java:140)
	at org.apache.tomcat.websocket.server.WsFilter.doFilter(WsFilter.java:51)
	at org.apache.catalina.core.ApplicationFilterChain.internalDoFilter(ApplicationFilterChain.java:164)
	at org.apache.catalina.core.ApplicationFilterChain.doFilter(ApplicationFilterChain.java:140)
	at org.springframework.web.filter.RequestContextFilter.doFilterInternal(RequestContextFilter.java:100)
	at org.springframework.web.filter.OncePerRequestFilter.doFilter(OncePerRequestFilter.java:116)
	at org.apache.catalina.core.ApplicationFilterChain.internalDoFilter(ApplicationFilterChain.java:164)
	at org.apache.catalina.core.ApplicationFilterChain.doFilter(ApplicationFilterChain.java:140)
	at org.springframework.web.filter.FormContentFilter.doFilterInternal(FormContentFilter.java:93)
	at org.springframework.web.filter.OncePerRequestFilter.doFilter(OncePerRequestFilter.java:116)
	at org.apache.catalina.core.ApplicationFilterChain.internalDoFilter(ApplicationFilterChain.java:164)
	at org.apache.catalina.core.ApplicationFilterChain.doFilter(ApplicationFilterChain.java:140)
	at org.springframework.web.filter.CharacterEncodingFilter.doFilterInternal(CharacterEncodingFilter.java:201)
	at org.springframework.web.filter.OncePerRequestFilter.doFilter(OncePerRequestFilter.java:116)
	at org.apache.catalina.core.ApplicationFilterChain.internalDoFilter(ApplicationFilterChain.java:164)
	at org.apache.catalina.core.ApplicationFilterChain.doFilter(ApplicationFilterChain.java:140)
	at org.apache.catalina.core.StandardWrapperValve.invoke(StandardWrapperValve.java:167)
	at org.apache.catalina.core.StandardContextValve.invoke(StandardContextValve.java:90)
	at org.apache.catalina.authenticator.AuthenticatorBase.invoke(AuthenticatorBase.java:483)
	at org.apache.catalina.core.StandardHostValve.invoke(StandardHostValve.java:115)
	at org.apache.catalina.valves.ErrorReportValve.invoke(ErrorReportValve.java:93)
	at org.apache.catalina.core.StandardEngineValve.invoke(StandardEngineValve.java:74)
	at org.apache.catalina.connector.CoyoteAdapter.service(CoyoteAdapter.java:344)
	at org.apache.coyote.http11.Http11Processor.service(Http11Processor.java:384)
	at org.apache.coyote.AbstractProcessorLight.process(AbstractProcessorLight.java:63)
	at org.apache.coyote.AbstractProtocol$ConnectionHandler.process(AbstractProtocol.java:904)
	at org.apache.tomcat.util.net.NioEndpoint$SocketProcessor.doRun(NioEndpoint.java:1741)
	at org.apache.tomcat.util.net.SocketProcessorBase.run(SocketProcessorBase.java:52)
	at org.apache.tomcat.util.threads.ThreadPoolExecutor.runWorker(ThreadPoolExecutor.java:1190)
	at org.apache.tomcat.util.threads.ThreadPoolExecutor$Worker.run(ThreadPoolExecutor.java:659)
	at org.apache.tomcat.util.threads.TaskThread$WrappingRunnable.run(TaskThread.java:63)
	at java.base/java.lang.Thread.run(Thread.java:1570)
"2024-09-11 11:31:29 [main] INFO  b.s.s.Lbr02ExampleApplication - Starting Lbr02ExampleApplication using Java 22.0.1 with PID 2008 (D:\User\Desktop\StudyAtBSTU\Course_3\Semester5\Subjects\Internet programming technology\LaboratoryWorks\LBR_02\Solution(MyVar)\LBR_02(MyVar)\target\classes started by User in D:\User\Desktop\StudyAtBSTU\Course_3\Semester5\Subjects\Internet programming technology\LaboratoryWorks\LBR_02\Solution(MyVar)\LBR_02(MyVar))
""2024-09-11 11:31:29 [main] INFO  b.s.s.Lbr02ExampleApplication - No active profile set, falling back to 1 default profile: "default"
""2024-09-11 11:31:29 [main] INFO  o.s.b.w.e.tomcat.TomcatWebServer - Tomcat initialized with port 8080 (http)
""2024-09-11 11:31:29 [main] INFO  o.a.catalina.core.StandardService - Starting service [Tomcat]
""2024-09-11 11:31:29 [main] INFO  o.a.catalina.core.StandardEngine - Starting Servlet engine: [Apache Tomcat/10.1.28]
""2024-09-11 11:31:29 [main] INFO  o.a.c.c.C.[Tomcat].[localhost].[/] - Initializing Spring embedded WebApplicationContext
""2024-09-11 11:31:29 [main] INFO  o.s.b.w.s.c.ServletWebServerApplicationContext - Root WebApplicationContext: initialization completed in 681 ms
""2024-09-11 11:31:29 [main] WARN  o.t.templatemode.TemplateMode - [THYMELEAF][main] Unknown Template Mode 'HTML5'. Must be one of: 'HTML', 'XML', 'TEXT', 'JAVASCRIPT', 'CSS', 'RAW'. Using default Template Mode 'HTML'.
""2024-09-11 11:31:29 [main] INFO  o.s.b.a.w.s.WelcomePageHandlerMapping - Adding welcome page template: index
""2024-09-11 11:31:30 [main] INFO  o.s.b.w.e.tomcat.TomcatWebServer - Tomcat started on port 8080 (http) with context path '/'
""2024-09-11 11:31:30 [main] INFO  b.s.s.Lbr02ExampleApplication - Started Lbr02ExampleApplication in 1.355 seconds (process running for 1.764)
""2024-09-11 11:31:30 [http-nio-8080-exec-1] INFO  o.a.c.c.C.[Tomcat].[localhost].[/] - Initializing Spring DispatcherServlet 'dispatcherServlet'
""2024-09-11 11:31:30 [http-nio-8080-exec-1] INFO  b.s.s.controller.BankController - /index was called
""2024-09-11 11:31:31 [http-nio-8080-exec-4] ERROR org.thymeleaf.TemplateEngine - [THYMELEAF][http-nio-8080-exec-4] Exception processing template "cardlist": An error happened during template parsing (template: "templates/WEB-INF/cardlist.html")
"org.thymeleaf.exceptions.TemplateInputException: An error happened during template parsing (template: "templates/WEB-INF/cardlist.html")
	at org.thymeleaf.templateparser.markup.AbstractMarkupTemplateParser.parse(AbstractMarkupTemplateParser.java:241)
	at org.thymeleaf.templateparser.markup.AbstractMarkupTemplateParser.parseStandalone(AbstractMarkupTemplateParser.java:100)
	at org.thymeleaf.engine.TemplateManager.parseAndProcess(TemplateManager.java:666)
	at org.thymeleaf.TemplateEngine.process(TemplateEngine.java:1103)
	at org.thymeleaf.TemplateEngine.process(TemplateEngine.java:1077)
	at org.thymeleaf.spring6.view.ThymeleafView.renderFragment(ThymeleafView.java:372)
	at org.thymeleaf.spring6.view.ThymeleafView.render(ThymeleafView.java:192)
	at org.springframework.web.servlet.DispatcherServlet.render(DispatcherServlet.java:1432)
	at org.springframework.web.servlet.DispatcherServlet.processDispatchResult(DispatcherServlet.java:1168)
	at org.springframework.web.servlet.DispatcherServlet.doDispatch(DispatcherServlet.java:1106)
	at org.springframework.web.servlet.DispatcherServlet.doService(DispatcherServlet.java:979)
	at org.springframework.web.servlet.FrameworkServlet.processRequest(FrameworkServlet.java:1014)
	at org.springframework.web.servlet.FrameworkServlet.doGet(FrameworkServlet.java:903)
	at jakarta.servlet.http.HttpServlet.service(HttpServlet.java:564)
	at org.springframework.web.servlet.FrameworkServlet.service(FrameworkServlet.java:885)
	at jakarta.servlet.http.HttpServlet.service(HttpServlet.java:658)
	at org.apache.catalina.core.ApplicationFilterChain.internalDoFilter(ApplicationFilterChain.java:195)
	at org.apache.catalina.core.ApplicationFilterChain.doFilter(ApplicationFilterChain.java:140)
	at org.apache.tomcat.websocket.server.WsFilter.doFilter(WsFilter.java:51)
	at org.apache.catalina.core.ApplicationFilterChain.internalDoFilter(ApplicationFilterChain.java:164)
	at org.apache.catalina.core.ApplicationFilterChain.doFilter(ApplicationFilterChain.java:140)
	at org.springframework.web.filter.RequestContextFilter.doFilterInternal(RequestContextFilter.java:100)
	at org.springframework.web.filter.OncePerRequestFilter.doFilter(OncePerRequestFilter.java:116)
	at org.apache.catalina.core.ApplicationFilterChain.internalDoFilter(ApplicationFilterChain.java:164)
	at org.apache.catalina.core.ApplicationFilterChain.doFilter(ApplicationFilterChain.java:140)
	at org.springframework.web.filter.FormContentFilter.doFilterInternal(FormContentFilter.java:93)
	at org.springframework.web.filter.OncePerRequestFilter.doFilter(OncePerRequestFilter.java:116)
	at org.apache.catalina.core.ApplicationFilterChain.internalDoFilter(ApplicationFilterChain.java:164)
	at org.apache.catalina.core.ApplicationFilterChain.doFilter(ApplicationFilterChain.java:140)
	at org.springframework.web.filter.CharacterEncodingFilter.doFilterInternal(CharacterEncodingFilter.java:201)
	at org.springframework.web.filter.OncePerRequestFilter.doFilter(OncePerRequestFilter.java:116)
	at org.apache.catalina.core.ApplicationFilterChain.internalDoFilter(ApplicationFilterChain.java:164)
	at org.apache.catalina.core.ApplicationFilterChain.doFilter(ApplicationFilterChain.java:140)
	at org.apache.catalina.core.StandardWrapperValve.invoke(StandardWrapperValve.java:167)
	at org.apache.catalina.core.StandardContextValve.invoke(StandardContextValve.java:90)
	at org.apache.catalina.authenticator.AuthenticatorBase.invoke(AuthenticatorBase.java:483)
	at org.apache.catalina.core.StandardHostValve.invoke(StandardHostValve.java:115)
	at org.apache.catalina.valves.ErrorReportValve.invoke(ErrorReportValve.java:93)
	at org.apache.catalina.core.StandardEngineValve.invoke(StandardEngineValve.java:74)
	at org.apache.catalina.connector.CoyoteAdapter.service(CoyoteAdapter.java:344)
	at org.apache.coyote.http11.Http11Processor.service(Http11Processor.java:384)
	at org.apache.coyote.AbstractProcessorLight.process(AbstractProcessorLight.java:63)
	at org.apache.coyote.AbstractProtocol$ConnectionHandler.process(AbstractProtocol.java:904)
	at org.apache.tomcat.util.net.NioEndpoint$SocketProcessor.doRun(NioEndpoint.java:1741)
	at org.apache.tomcat.util.net.SocketProcessorBase.run(SocketProcessorBase.java:52)
	at org.apache.tomcat.util.threads.ThreadPoolExecutor.runWorker(ThreadPoolExecutor.java:1190)
	at org.apache.tomcat.util.threads.ThreadPoolExecutor$Worker.run(ThreadPoolExecutor.java:659)
	at org.apache.tomcat.util.threads.TaskThread$WrappingRunnable.run(TaskThread.java:63)
	at java.base/java.lang.Thread.run(Thread.java:1570)
Caused by: org.attoparser.ParseException: Exception evaluating SpringEL expression: "card.number" (template: "cardlist" - line 32, col 40)
	at org.attoparser.MarkupParser.parseDocument(MarkupParser.java:393)
	at org.attoparser.MarkupParser.parse(MarkupParser.java:257)
	at org.thymeleaf.templateparser.markup.AbstractMarkupTemplateParser.parse(AbstractMarkupTemplateParser.java:230)
	... 48 common frames omitted
Caused by: org.thymeleaf.exceptions.TemplateProcessingException: Exception evaluating SpringEL expression: "card.number" (template: "cardlist" - line 32, col 40)
	at org.thymeleaf.spring6.expression.SPELVariableExpressionEvaluator.evaluate(SPELVariableExpressionEvaluator.java:292)
	at org.thymeleaf.standard.expression.VariableExpression.executeVariableExpression(VariableExpression.java:166)
	at org.thymeleaf.standard.expression.SimpleExpression.executeSimple(SimpleExpression.java:66)
	at org.thymeleaf.standard.expression.Expression.execute(Expression.java:109)
	at org.thymeleaf.standard.expression.Expression.execute(Expression.java:138)
	at org.thymeleaf.standard.processor.StandardUtextTagProcessor.doProcess(StandardUtextTagProcessor.java:87)
	at org.thymeleaf.processor.element.AbstractAttributeTagProcessor.doProcess(AbstractAttributeTagProcessor.java:74)
	at org.thymeleaf.processor.element.AbstractElementTagProcessor.process(AbstractElementTagProcessor.java:95)
	at org.thymeleaf.util.ProcessorConfigurationUtils$ElementTagProcessorWrapper.process(ProcessorConfigurationUtils.java:633)
	at org.thymeleaf.engine.ProcessorTemplateHandler.handleOpenElement(ProcessorTemplateHandler.java:1314)
	at org.thymeleaf.engine.OpenElementTag.beHandled(OpenElementTag.java:205)
	at org.thymeleaf.engine.Model.process(Model.java:282)
	at org.thymeleaf.engine.Model.process(Model.java:290)
	at org.thymeleaf.engine.IteratedGatheringModelProcessable.processIterationModel(IteratedGatheringModelProcessable.java:368)
	at org.thymeleaf.engine.IteratedGatheringModelProcessable.process(IteratedGatheringModelProcessable.java:222)
	at org.thymeleaf.engine.ProcessorTemplateHandler.handleCloseElement(ProcessorTemplateHandler.java:1640)
	at org.thymeleaf.engine.TemplateHandlerAdapterMarkupHandler.handleCloseElementEnd(TemplateHandlerAdapterMarkupHandler.java:388)
	at org.thymeleaf.templateparser.markup.InlinedOutputExpressionMarkupHandler$InlineMarkupAdapterPreProcessorHandler.handleCloseElementEnd(InlinedOutputExpressionMarkupHandler.java:322)
	at org.thymeleaf.standard.inline.OutputExpressionInlinePreProcessorHandler.handleCloseElementEnd(OutputExpressionInlinePreProcessorHandler.java:220)
	at org.thymeleaf.templateparser.markup.InlinedOutputExpressionMarkupHandler.handleCloseElementEnd(InlinedOutputExpressionMarkupHandler.java:164)
	at org.attoparser.HtmlElement.handleCloseElementEnd(HtmlElement.java:169)
	at org.attoparser.HtmlMarkupHandler.handleCloseElementEnd(HtmlMarkupHandler.java:412)
	at org.attoparser.MarkupEventProcessorHandler.handleCloseElementEnd(MarkupEventProcessorHandler.java:473)
	at org.attoparser.ParsingElementMarkupUtil.parseCloseElement(ParsingElementMarkupUtil.java:201)
	at org.attoparser.MarkupParser.parseBuffer(MarkupParser.java:725)
	at org.attoparser.MarkupParser.parseDocument(MarkupParser.java:301)
	... 50 common frames omitted
Caused by: org.springframework.expression.spel.SpelEvaluationException: EL1007E: Property or field 'number' cannot be found on null
	at org.springframework.expression.spel.ast.PropertyOrFieldReference.readProperty(PropertyOrFieldReference.java:225)
	at org.springframework.expression.spel.ast.PropertyOrFieldReference.getValueInternal(PropertyOrFieldReference.java:112)
	at org.springframework.expression.spel.ast.PropertyOrFieldReference$AccessorValueRef.getValue(PropertyOrFieldReference.java:417)
	at org.springframework.expression.spel.ast.CompoundExpression.getValueInternal(CompoundExpression.java:97)
	at org.springframework.expression.spel.ast.SpelNodeImpl.getValue(SpelNodeImpl.java:114)
	at org.springframework.expression.spel.standard.SpelExpression.getValue(SpelExpression.java:338)
	at org.thymeleaf.spring6.expression.SPELVariableExpressionEvaluator.evaluate(SPELVariableExpressionEvaluator.java:265)
	... 75 common frames omitted
"2024-09-11 11:31:31 [http-nio-8080-exec-4] ERROR o.a.c.c.C.[.[.[.[dispatcherServlet] - Servlet.service() for servlet [dispatcherServlet] in context with path [] threw exception [Request processing failed: org.thymeleaf.exceptions.TemplateInputException: An error happened during template parsing (template: "templates/WEB-INF/cardlist.html")] with root cause
"org.springframework.expression.spel.SpelEvaluationException: EL1007E: Property or field 'number' cannot be found on null
	at org.springframework.expression.spel.ast.PropertyOrFieldReference.readProperty(PropertyOrFieldReference.java:225)
	at org.springframework.expression.spel.ast.PropertyOrFieldReference.getValueInternal(PropertyOrFieldReference.java:112)
	at org.springframework.expression.spel.ast.PropertyOrFieldReference$AccessorValueRef.getValue(PropertyOrFieldReference.java:417)
	at org.springframework.expression.spel.ast.CompoundExpression.getValueInternal(CompoundExpression.java:97)
	at org.springframework.expression.spel.ast.SpelNodeImpl.getValue(SpelNodeImpl.java:114)
	at org.springframework.expression.spel.standard.SpelExpression.getValue(SpelExpression.java:338)
	at org.thymeleaf.spring6.expression.SPELVariableExpressionEvaluator.evaluate(SPELVariableExpressionEvaluator.java:265)
	at org.thymeleaf.standard.expression.VariableExpression.executeVariableExpression(VariableExpression.java:166)
	at org.thymeleaf.standard.expression.SimpleExpression.executeSimple(SimpleExpression.java:66)
	at org.thymeleaf.standard.expression.Expression.execute(Expression.java:109)
	at org.thymeleaf.standard.expression.Expression.execute(Expression.java:138)
	at org.thymeleaf.standard.processor.StandardUtextTagProcessor.doProcess(StandardUtextTagProcessor.java:87)
	at org.thymeleaf.processor.element.AbstractAttributeTagProcessor.doProcess(AbstractAttributeTagProcessor.java:74)
	at org.thymeleaf.processor.element.AbstractElementTagProcessor.process(AbstractElementTagProcessor.java:95)
	at org.thymeleaf.util.ProcessorConfigurationUtils$ElementTagProcessorWrapper.process(ProcessorConfigurationUtils.java:633)
	at org.thymeleaf.engine.ProcessorTemplateHandler.handleOpenElement(ProcessorTemplateHandler.java:1314)
	at org.thymeleaf.engine.OpenElementTag.beHandled(OpenElementTag.java:205)
	at org.thymeleaf.engine.Model.process(Model.java:282)
	at org.thymeleaf.engine.Model.process(Model.java:290)
	at org.thymeleaf.engine.IteratedGatheringModelProcessable.processIterationModel(IteratedGatheringModelProcessable.java:368)
	at org.thymeleaf.engine.IteratedGatheringModelProcessable.process(IteratedGatheringModelProcessable.java:222)
	at org.thymeleaf.engine.ProcessorTemplateHandler.handleCloseElement(ProcessorTemplateHandler.java:1640)
	at org.thymeleaf.engine.TemplateHandlerAdapterMarkupHandler.handleCloseElementEnd(TemplateHandlerAdapterMarkupHandler.java:388)
	at org.thymeleaf.templateparser.markup.InlinedOutputExpressionMarkupHandler$InlineMarkupAdapterPreProcessorHandler.handleCloseElementEnd(InlinedOutputExpressionMarkupHandler.java:322)
	at org.thymeleaf.standard.inline.OutputExpressionInlinePreProcessorHandler.handleCloseElementEnd(OutputExpressionInlinePreProcessorHandler.java:220)
	at org.thymeleaf.templateparser.markup.InlinedOutputExpressionMarkupHandler.handleCloseElementEnd(InlinedOutputExpressionMarkupHandler.java:164)
	at org.attoparser.HtmlElement.handleCloseElementEnd(HtmlElement.java:169)
	at org.attoparser.HtmlMarkupHandler.handleCloseElementEnd(HtmlMarkupHandler.java:412)
	at org.attoparser.MarkupEventProcessorHandler.handleCloseElementEnd(MarkupEventProcessorHandler.java:473)
	at org.attoparser.ParsingElementMarkupUtil.parseCloseElement(ParsingElementMarkupUtil.java:201)
	at org.attoparser.MarkupParser.parseBuffer(MarkupParser.java:725)
	at org.attoparser.MarkupParser.parseDocument(MarkupParser.java:301)
	at org.attoparser.MarkupParser.parse(MarkupParser.java:257)
	at org.thymeleaf.templateparser.markup.AbstractMarkupTemplateParser.parse(AbstractMarkupTemplateParser.java:230)
	at org.thymeleaf.templateparser.markup.AbstractMarkupTemplateParser.parseStandalone(AbstractMarkupTemplateParser.java:100)
	at org.thymeleaf.engine.TemplateManager.parseAndProcess(TemplateManager.java:666)
	at org.thymeleaf.TemplateEngine.process(TemplateEngine.java:1103)
	at org.thymeleaf.TemplateEngine.process(TemplateEngine.java:1077)
	at org.thymeleaf.spring6.view.ThymeleafView.renderFragment(ThymeleafView.java:372)
	at org.thymeleaf.spring6.view.ThymeleafView.render(ThymeleafView.java:192)
	at org.springframework.web.servlet.DispatcherServlet.render(DispatcherServlet.java:1432)
	at org.springframework.web.servlet.DispatcherServlet.processDispatchResult(DispatcherServlet.java:1168)
	at org.springframework.web.servlet.DispatcherServlet.doDispatch(DispatcherServlet.java:1106)
	at org.springframework.web.servlet.DispatcherServlet.doService(DispatcherServlet.java:979)
	at org.springframework.web.servlet.FrameworkServlet.processRequest(FrameworkServlet.java:1014)
	at org.springframework.web.servlet.FrameworkServlet.doGet(FrameworkServlet.java:903)
	at jakarta.servlet.http.HttpServlet.service(HttpServlet.java:564)
	at org.springframework.web.servlet.FrameworkServlet.service(FrameworkServlet.java:885)
	at jakarta.servlet.http.HttpServlet.service(HttpServlet.java:658)
	at org.apache.catalina.core.ApplicationFilterChain.internalDoFilter(ApplicationFilterChain.java:195)
	at org.apache.catalina.core.ApplicationFilterChain.doFilter(ApplicationFilterChain.java:140)
	at org.apache.tomcat.websocket.server.WsFilter.doFilter(WsFilter.java:51)
	at org.apache.catalina.core.ApplicationFilterChain.internalDoFilter(ApplicationFilterChain.java:164)
	at org.apache.catalina.core.ApplicationFilterChain.doFilter(ApplicationFilterChain.java:140)
	at org.springframework.web.filter.RequestContextFilter.doFilterInternal(RequestContextFilter.java:100)
	at org.springframework.web.filter.OncePerRequestFilter.doFilter(OncePerRequestFilter.java:116)
	at org.apache.catalina.core.ApplicationFilterChain.internalDoFilter(ApplicationFilterChain.java:164)
	at org.apache.catalina.core.ApplicationFilterChain.doFilter(ApplicationFilterChain.java:140)
	at org.springframework.web.filter.FormContentFilter.doFilterInternal(FormContentFilter.java:93)
	at org.springframework.web.filter.OncePerRequestFilter.doFilter(OncePerRequestFilter.java:116)
	at org.apache.catalina.core.ApplicationFilterChain.internalDoFilter(ApplicationFilterChain.java:164)
	at org.apache.catalina.core.ApplicationFilterChain.doFilter(ApplicationFilterChain.java:140)
	at org.springframework.web.filter.CharacterEncodingFilter.doFilterInternal(CharacterEncodingFilter.java:201)
	at org.springframework.web.filter.OncePerRequestFilter.doFilter(OncePerRequestFilter.java:116)
	at org.apache.catalina.core.ApplicationFilterChain.internalDoFilter(ApplicationFilterChain.java:164)
	at org.apache.catalina.core.ApplicationFilterChain.doFilter(ApplicationFilterChain.java:140)
	at org.apache.catalina.core.StandardWrapperValve.invoke(StandardWrapperValve.java:167)
	at org.apache.catalina.core.StandardContextValve.invoke(StandardContextValve.java:90)
	at org.apache.catalina.authenticator.AuthenticatorBase.invoke(AuthenticatorBase.java:483)
	at org.apache.catalina.core.StandardHostValve.invoke(StandardHostValve.java:115)
	at org.apache.catalina.valves.ErrorReportValve.invoke(ErrorReportValve.java:93)
	at org.apache.catalina.core.StandardEngineValve.invoke(StandardEngineValve.java:74)
	at org.apache.catalina.connector.CoyoteAdapter.service(CoyoteAdapter.java:344)
	at org.apache.coyote.http11.Http11Processor.service(Http11Processor.java:384)
	at org.apache.coyote.AbstractProcessorLight.process(AbstractProcessorLight.java:63)
	at org.apache.coyote.AbstractProtocol$ConnectionHandler.process(AbstractProtocol.java:904)
	at org.apache.tomcat.util.net.NioEndpoint$SocketProcessor.doRun(NioEndpoint.java:1741)
	at org.apache.tomcat.util.net.SocketProcessorBase.run(SocketProcessorBase.java:52)
	at org.apache.tomcat.util.threads.ThreadPoolExecutor.runWorker(ThreadPoolExecutor.java:1190)
	at org.apache.tomcat.util.threads.ThreadPoolExecutor$Worker.run(ThreadPoolExecutor.java:659)
	at org.apache.tomcat.util.threads.TaskThread$WrappingRunnable.run(TaskThread.java:63)
	at java.base/java.lang.Thread.run(Thread.java:1570)
"2024-09-11 11:36:56 [main] INFO  b.s.s.Lbr02ExampleApplication - Starting Lbr02ExampleApplication using Java 22.0.1 with PID 5804 (D:\User\Desktop\StudyAtBSTU\Course_3\Semester5\Subjects\Internet programming technology\LaboratoryWorks\LBR_02\Solution(MyVar)\LBR_02(MyVar)\target\classes started by User in D:\User\Desktop\StudyAtBSTU\Course_3\Semester5\Subjects\Internet programming technology\LaboratoryWorks\LBR_02\Solution(MyVar)\LBR_02(MyVar))
""2024-09-11 11:36:56 [main] INFO  b.s.s.Lbr02ExampleApplication - No active profile set, falling back to 1 default profile: "default"
""2024-09-11 11:36:57 [main] INFO  o.s.b.w.e.tomcat.TomcatWebServer - Tomcat initialized with port 8080 (http)
""2024-09-11 11:36:57 [main] INFO  o.a.catalina.core.StandardService - Starting service [Tomcat]
""2024-09-11 11:36:57 [main] INFO  o.a.catalina.core.StandardEngine - Starting Servlet engine: [Apache Tomcat/10.1.28]
""2024-09-11 11:36:57 [main] INFO  o.a.c.c.C.[Tomcat].[localhost].[/] - Initializing Spring embedded WebApplicationContext
""2024-09-11 11:36:57 [main] INFO  o.s.b.w.s.c.ServletWebServerApplicationContext - Root WebApplicationContext: initialization completed in 731 ms
""2024-09-11 11:36:57 [main] WARN  o.t.templatemode.TemplateMode - [THYMELEAF][main] Unknown Template Mode 'HTML5'. Must be one of: 'HTML', 'XML', 'TEXT', 'JAVASCRIPT', 'CSS', 'RAW'. Using default Template Mode 'HTML'.
""2024-09-11 11:36:57 [main] INFO  o.s.b.a.w.s.WelcomePageHandlerMapping - Adding welcome page template: index
""2024-09-11 11:36:57 [main] INFO  o.s.b.w.e.tomcat.TomcatWebServer - Tomcat started on port 8080 (http) with context path '/'
""2024-09-11 11:36:57 [main] INFO  b.s.s.Lbr02ExampleApplication - Started Lbr02ExampleApplication in 1.363 seconds (process running for 1.784)
""2024-09-11 11:37:01 [http-nio-8080-exec-1] INFO  o.a.c.c.C.[Tomcat].[localhost].[/] - Initializing Spring DispatcherServlet 'dispatcherServlet'
""2024-09-11 11:37:01 [http-nio-8080-exec-1] INFO  b.s.s.controller.BankController - /index was called
""2024-09-11 11:39:19 [main] INFO  b.s.s.Lbr02ExampleApplication - Starting Lbr02ExampleApplication using Java 22.0.1 with PID 14156 (D:\User\Desktop\StudyAtBSTU\Course_3\Semester5\Subjects\Internet programming technology\LaboratoryWorks\LBR_02\Solution(MyVar)\LBR_02(MyVar)\target\classes started by User in D:\User\Desktop\StudyAtBSTU\Course_3\Semester5\Subjects\Internet programming technology\LaboratoryWorks\LBR_02\Solution(MyVar)\LBR_02(MyVar))
""2024-09-11 11:39:19 [main] INFO  b.s.s.Lbr02ExampleApplication - No active profile set, falling back to 1 default profile: "default"
""2024-09-11 11:39:20 [main] INFO  o.s.b.w.e.tomcat.TomcatWebServer - Tomcat initialized with port 8080 (http)
""2024-09-11 11:39:20 [main] INFO  o.a.catalina.core.StandardService - Starting service [Tomcat]
""2024-09-11 11:39:20 [main] INFO  o.a.catalina.core.StandardEngine - Starting Servlet engine: [Apache Tomcat/10.1.28]
""2024-09-11 11:39:20 [main] INFO  o.a.c.c.C.[Tomcat].[localhost].[/] - Initializing Spring embedded WebApplicationContext
""2024-09-11 11:39:20 [main] INFO  o.s.b.w.s.c.ServletWebServerApplicationContext - Root WebApplicationContext: initialization completed in 719 ms
""2024-09-11 11:39:20 [main] WARN  o.t.templatemode.TemplateMode - [THYMELEAF][main] Unknown Template Mode 'HTML5'. Must be one of: 'HTML', 'XML', 'TEXT', 'JAVASCRIPT', 'CSS', 'RAW'. Using default Template Mode 'HTML'.
""2024-09-11 11:39:20 [main] INFO  o.s.b.a.w.s.WelcomePageHandlerMapping - Adding welcome page template: index
""2024-09-11 11:39:20 [main] INFO  o.s.b.w.e.tomcat.TomcatWebServer - Tomcat started on port 8080 (http) with context path '/'
""2024-09-11 11:39:20 [main] INFO  b.s.s.Lbr02ExampleApplication - Started Lbr02ExampleApplication in 1.369 seconds (process running for 1.823)
""2024-09-11 11:39:26 [http-nio-8080-exec-1] INFO  o.a.c.c.C.[Tomcat].[localhost].[/] - Initializing Spring DispatcherServlet 'dispatcherServlet'
""2024-09-11 11:39:26 [http-nio-8080-exec-1] INFO  b.s.s.controller.BankController - /index was called
""2024-09-11 11:39:49 [http-nio-8080-exec-5] INFO  b.s.s.controller.BankController - /index was called
""2024-09-11 11:39:50 [http-nio-8080-exec-8] INFO  b.s.s.controller.BankController - /index was called
""2024-09-11 11:39:50 [http-nio-8080-exec-1] INFO  b.s.s.controller.BankController - /index was called
""2024-09-11 11:39:56 [main] INFO  b.s.s.Lbr02ExampleApplication - Starting Lbr02ExampleApplication using Java 22.0.1 with PID 4476 (D:\User\Desktop\StudyAtBSTU\Course_3\Semester5\Subjects\Internet programming technology\LaboratoryWorks\LBR_02\Solution(MyVar)\LBR_02(MyVar)\target\classes started by User in D:\User\Desktop\StudyAtBSTU\Course_3\Semester5\Subjects\Internet programming technology\LaboratoryWorks\LBR_02\Solution(MyVar)\LBR_02(MyVar))
""2024-09-11 11:39:56 [main] INFO  b.s.s.Lbr02ExampleApplication - No active profile set, falling back to 1 default profile: "default"
""2024-09-11 11:39:57 [main] INFO  o.s.b.w.e.tomcat.TomcatWebServer - Tomcat initialized with port 8080 (http)
""2024-09-11 11:39:57 [main] INFO  o.a.catalina.core.StandardService - Starting service [Tomcat]
""2024-09-11 11:39:57 [main] INFO  o.a.catalina.core.StandardEngine - Starting Servlet engine: [Apache Tomcat/10.1.28]
""2024-09-11 11:39:57 [main] INFO  o.a.c.c.C.[Tomcat].[localhost].[/] - Initializing Spring embedded WebApplicationContext
""2024-09-11 11:39:57 [main] INFO  o.s.b.w.s.c.ServletWebServerApplicationContext - Root WebApplicationContext: initialization completed in 691 ms
""2024-09-11 11:39:57 [main] WARN  o.t.templatemode.TemplateMode - [THYMELEAF][main] Unknown Template Mode 'HTML5'. Must be one of: 'HTML', 'XML', 'TEXT', 'JAVASCRIPT', 'CSS', 'RAW'. Using default Template Mode 'HTML'.
""2024-09-11 11:39:57 [main] INFO  o.s.b.a.w.s.WelcomePageHandlerMapping - Adding welcome page template: index
""2024-09-11 11:39:57 [main] INFO  o.s.b.w.e.tomcat.TomcatWebServer - Tomcat started on port 8080 (http) with context path '/'
""2024-09-11 11:39:57 [main] INFO  b.s.s.Lbr02ExampleApplication - Started Lbr02ExampleApplication in 1.351 seconds (process running for 1.802)
""2024-09-11 11:40:03 [http-nio-8080-exec-1] INFO  o.a.c.c.C.[Tomcat].[localhost].[/] - Initializing Spring DispatcherServlet 'dispatcherServlet'
""2024-09-11 11:40:03 [http-nio-8080-exec-1] INFO  b.s.s.controller.BankController - /index was called
""2024-09-11 11:42:17 [http-nio-8080-exec-7] INFO  b.s.s.controller.BankController - /index was called
""2024-09-11 11:42:18 [http-nio-8080-exec-10] INFO  b.s.s.controller.BankController - /index was called
""2024-09-11 11:43:19 [main] INFO  b.s.s.Lbr02ExampleApplication - Starting Lbr02ExampleApplication using Java 22.0.1 with PID 8596 (D:\User\Desktop\StudyAtBSTU\Course_3\Semester5\Subjects\Internet programming technology\LaboratoryWorks\LBR_02\Solution(MyVar)\LBR_02(MyVar)\target\classes started by User in D:\User\Desktop\StudyAtBSTU\Course_3\Semester5\Subjects\Internet programming technology\LaboratoryWorks\LBR_02\Solution(MyVar)\LBR_02(MyVar))
""2024-09-11 11:43:19 [main] INFO  b.s.s.Lbr02ExampleApplication - No active profile set, falling back to 1 default profile: "default"
""2024-09-11 11:43:20 [main] INFO  o.s.b.w.e.tomcat.TomcatWebServer - Tomcat initialized with port 8080 (http)
""2024-09-11 11:43:20 [main] INFO  o.a.catalina.core.StandardService - Starting service [Tomcat]
""2024-09-11 11:43:20 [main] INFO  o.a.catalina.core.StandardEngine - Starting Servlet engine: [Apache Tomcat/10.1.28]
""2024-09-11 11:43:20 [main] INFO  o.a.c.c.C.[Tomcat].[localhost].[/] - Initializing Spring embedded WebApplicationContext
""2024-09-11 11:43:20 [main] INFO  o.s.b.w.s.c.ServletWebServerApplicationContext - Root WebApplicationContext: initialization completed in 691 ms
""2024-09-11 11:43:20 [main] WARN  o.t.templatemode.TemplateMode - [THYMELEAF][main] Unknown Template Mode 'HTML5'. Must be one of: 'HTML', 'XML', 'TEXT', 'JAVASCRIPT', 'CSS', 'RAW'. Using default Template Mode 'HTML'.
""2024-09-11 11:43:20 [main] INFO  o.s.b.a.w.s.WelcomePageHandlerMapping - Adding welcome page template: index
""2024-09-11 11:43:20 [main] INFO  o.s.b.w.e.tomcat.TomcatWebServer - Tomcat started on port 8080 (http) with context path '/'
""2024-09-11 11:43:20 [main] INFO  b.s.s.Lbr02ExampleApplication - Started Lbr02ExampleApplication in 1.384 seconds (process running for 1.811)
""2024-09-11 11:43:31 [http-nio-8080-exec-1] INFO  o.a.c.c.C.[Tomcat].[localhost].[/] - Initializing Spring DispatcherServlet 'dispatcherServlet'
""2024-09-11 11:43:34 [http-nio-8080-exec-6] INFO  b.s.s.controller.BankController - /index was called
""2024-09-11 11:44:09 [main] INFO  b.s.s.Lbr02ExampleApplication - Starting Lbr02ExampleApplication using Java 22.0.1 with PID 9776 (D:\User\Desktop\StudyAtBSTU\Course_3\Semester5\Subjects\Internet programming technology\LaboratoryWorks\LBR_02\Solution(MyVar)\LBR_02(MyVar)\target\classes started by User in D:\User\Desktop\StudyAtBSTU\Course_3\Semester5\Subjects\Internet programming technology\LaboratoryWorks\LBR_02\Solution(MyVar)\LBR_02(MyVar))
""2024-09-11 11:44:09 [main] INFO  b.s.s.Lbr02ExampleApplication - No active profile set, falling back to 1 default profile: "default"
""2024-09-11 11:44:10 [main] INFO  o.s.b.w.e.tomcat.TomcatWebServer - Tomcat initialized with port 8080 (http)
""2024-09-11 11:44:10 [main] INFO  o.a.catalina.core.StandardService - Starting service [Tomcat]
""2024-09-11 11:44:10 [main] INFO  o.a.catalina.core.StandardEngine - Starting Servlet engine: [Apache Tomcat/10.1.28]
""2024-09-11 11:44:10 [main] INFO  o.a.c.c.C.[Tomcat].[localhost].[/] - Initializing Spring embedded WebApplicationContext
""2024-09-11 11:44:10 [main] INFO  o.s.b.w.s.c.ServletWebServerApplicationContext - Root WebApplicationContext: initialization completed in 686 ms
""2024-09-11 11:44:10 [main] WARN  o.t.templatemode.TemplateMode - [THYMELEAF][main] Unknown Template Mode 'HTML5'. Must be one of: 'HTML', 'XML', 'TEXT', 'JAVASCRIPT', 'CSS', 'RAW'. Using default Template Mode 'HTML'.
""2024-09-11 11:44:10 [main] INFO  o.s.b.a.w.s.WelcomePageHandlerMapping - Adding welcome page template: index
""2024-09-11 11:44:10 [main] INFO  o.s.b.w.e.tomcat.TomcatWebServer - Tomcat started on port 8080 (http) with context path '/'
""2024-09-11 11:44:10 [main] INFO  b.s.s.Lbr02ExampleApplication - Started Lbr02ExampleApplication in 1.332 seconds (process running for 1.772)
""2024-09-11 11:44:43 [main] INFO  b.s.s.Lbr02ExampleApplication - Starting Lbr02ExampleApplication using Java 22.0.1 with PID 6536 (D:\User\Desktop\StudyAtBSTU\Course_3\Semester5\Subjects\Internet programming technology\LaboratoryWorks\LBR_02\Solution(MyVar)\LBR_02(MyVar)\target\classes started by User in D:\User\Desktop\StudyAtBSTU\Course_3\Semester5\Subjects\Internet programming technology\LaboratoryWorks\LBR_02\Solution(MyVar)\LBR_02(MyVar))
""2024-09-11 11:44:43 [main] INFO  b.s.s.Lbr02ExampleApplication - No active profile set, falling back to 1 default profile: "default"
""2024-09-11 11:44:44 [main] INFO  o.s.b.w.e.tomcat.TomcatWebServer - Tomcat initialized with port 8080 (http)
""2024-09-11 11:44:44 [main] INFO  o.a.catalina.core.StandardService - Starting service [Tomcat]
""2024-09-11 11:44:44 [main] INFO  o.a.catalina.core.StandardEngine - Starting Servlet engine: [Apache Tomcat/10.1.28]
""2024-09-11 11:44:44 [main] INFO  o.a.c.c.C.[Tomcat].[localhost].[/] - Initializing Spring embedded WebApplicationContext
""2024-09-11 11:44:44 [main] INFO  o.s.b.w.s.c.ServletWebServerApplicationContext - Root WebApplicationContext: initialization completed in 687 ms
""2024-09-11 11:44:44 [main] WARN  o.t.templatemode.TemplateMode - [THYMELEAF][main] Unknown Template Mode 'HTML5'. Must be one of: 'HTML', 'XML', 'TEXT', 'JAVASCRIPT', 'CSS', 'RAW'. Using default Template Mode 'HTML'.
""2024-09-11 11:44:44 [main] INFO  o.s.b.a.w.s.WelcomePageHandlerMapping - Adding welcome page template: index
""2024-09-11 11:44:44 [main] INFO  o.s.b.w.e.tomcat.TomcatWebServer - Tomcat started on port 8080 (http) with context path '/'
""2024-09-11 11:44:44 [main] INFO  b.s.s.Lbr02ExampleApplication - Started Lbr02ExampleApplication in 1.348 seconds (process running for 1.838)
""2024-09-11 11:44:50 [http-nio-8080-exec-1] INFO  o.a.c.c.C.[Tomcat].[localhost].[/] - Initializing Spring DispatcherServlet 'dispatcherServlet'
""2024-09-11 11:44:50 [http-nio-8080-exec-1] INFO  b.s.s.controller.BankController - /index was called
""2024-09-11 11:45:30 [main] INFO  b.s.s.Lbr02ExampleApplication - Starting Lbr02ExampleApplication using Java 22.0.1 with PID 6064 (D:\User\Desktop\StudyAtBSTU\Course_3\Semester5\Subjects\Internet programming technology\LaboratoryWorks\LBR_02\Solution(MyVar)\LBR_02(MyVar)\target\classes started by User in D:\User\Desktop\StudyAtBSTU\Course_3\Semester5\Subjects\Internet programming technology\LaboratoryWorks\LBR_02\Solution(MyVar)\LBR_02(MyVar))
""2024-09-11 11:45:30 [main] INFO  b.s.s.Lbr02ExampleApplication - No active profile set, falling back to 1 default profile: "default"
""2024-09-11 11:45:31 [main] INFO  o.s.b.w.e.tomcat.TomcatWebServer - Tomcat initialized with port 8080 (http)
""2024-09-11 11:45:31 [main] INFO  o.a.catalina.core.StandardService - Starting service [Tomcat]
""2024-09-11 11:45:31 [main] INFO  o.a.catalina.core.StandardEngine - Starting Servlet engine: [Apache Tomcat/10.1.28]
""2024-09-11 11:45:31 [main] INFO  o.a.c.c.C.[Tomcat].[localhost].[/] - Initializing Spring embedded WebApplicationContext
""2024-09-11 11:45:31 [main] INFO  o.s.b.w.s.c.ServletWebServerApplicationContext - Root WebApplicationContext: initialization completed in 752 ms
""2024-09-11 11:45:31 [main] WARN  o.t.templatemode.TemplateMode - [THYMELEAF][main] Unknown Template Mode 'HTML5'. Must be one of: 'HTML', 'XML', 'TEXT', 'JAVASCRIPT', 'CSS', 'RAW'. Using default Template Mode 'HTML'.
""2024-09-11 11:45:31 [main] INFO  o.s.b.a.w.s.WelcomePageHandlerMapping - Adding welcome page template: index
""2024-09-11 11:45:32 [main] INFO  o.s.b.w.e.tomcat.TomcatWebServer - Tomcat started on port 8080 (http) with context path '/'
""2024-09-11 11:45:32 [main] INFO  b.s.s.Lbr02ExampleApplication - Started Lbr02ExampleApplication in 1.455 seconds (process running for 1.913)
""2024-09-11 11:45:32 [http-nio-8080-exec-1] INFO  o.a.c.c.C.[Tomcat].[localhost].[/] - Initializing Spring DispatcherServlet 'dispatcherServlet'
""2024-09-11 11:45:32 [http-nio-8080-exec-1] INFO  b.s.s.controller.BankController - /index was called
""2024-09-11 11:45:48 [http-nio-8080-exec-4] INFO  b.s.s.controller.BankController - /index was called
""2024-09-11 11:46:01 [main] INFO  b.s.s.Lbr02ExampleApplication - Starting Lbr02ExampleApplication using Java 22.0.1 with PID 10100 (D:\User\Desktop\StudyAtBSTU\Course_3\Semester5\Subjects\Internet programming technology\LaboratoryWorks\LBR_02\Solution(MyVar)\LBR_02(MyVar)\target\classes started by User in D:\User\Desktop\StudyAtBSTU\Course_3\Semester5\Subjects\Internet programming technology\LaboratoryWorks\LBR_02\Solution(MyVar)\LBR_02(MyVar))
""2024-09-11 11:46:01 [main] INFO  b.s.s.Lbr02ExampleApplication - No active profile set, falling back to 1 default profile: "default"
""2024-09-11 11:46:02 [main] INFO  o.s.b.w.e.tomcat.TomcatWebServer - Tomcat initialized with port 8080 (http)
""2024-09-11 11:46:02 [main] INFO  o.a.catalina.core.StandardService - Starting service [Tomcat]
""2024-09-11 11:46:02 [main] INFO  o.a.catalina.core.StandardEngine - Starting Servlet engine: [Apache Tomcat/10.1.28]
""2024-09-11 11:46:02 [main] INFO  o.a.c.c.C.[Tomcat].[localhost].[/] - Initializing Spring embedded WebApplicationContext
""2024-09-11 11:46:02 [main] INFO  o.s.b.w.s.c.ServletWebServerApplicationContext - Root WebApplicationContext: initialization completed in 678 ms
""2024-09-11 11:46:02 [main] WARN  o.t.templatemode.TemplateMode - [THYMELEAF][main] Unknown Template Mode 'HTML5'. Must be one of: 'HTML', 'XML', 'TEXT', 'JAVASCRIPT', 'CSS', 'RAW'. Using default Template Mode 'HTML'.
""2024-09-11 11:46:02 [main] INFO  o.s.b.a.w.s.WelcomePageHandlerMapping - Adding welcome page template: index
""2024-09-11 11:46:02 [main] INFO  o.s.b.w.e.tomcat.TomcatWebServer - Tomcat started on port 8080 (http) with context path '/'
""2024-09-11 11:46:02 [main] INFO  b.s.s.Lbr02ExampleApplication - Started Lbr02ExampleApplication in 1.374 seconds (process running for 1.83)
""2024-09-11 11:46:06 [http-nio-8080-exec-1] INFO  o.a.c.c.C.[Tomcat].[localhost].[/] - Initializing Spring DispatcherServlet 'dispatcherServlet'
""2024-09-11 11:46:06 [http-nio-8080-exec-1] INFO  b.s.s.controller.BankController - /index was called
""2024-09-11 11:46:08 [http-nio-8080-exec-5] INFO  b.s.s.controller.BankController - /index was called
""2024-09-11 11:46:20 [http-nio-8080-exec-10] INFO  b.s.s.controller.BankController - /index was called
""2024-09-11 11:56:23 [main] INFO  b.s.s.Lbr02ExampleApplication - Starting Lbr02ExampleApplication using Java 22.0.1 with PID 15228 (D:\User\Desktop\StudyAtBSTU\Course_3\Semester5\Subjects\Internet programming technology\LaboratoryWorks\LBR_02\Solution(MyVar)\LBR_02(MyVar)\target\classes started by User in D:\User\Desktop\StudyAtBSTU\Course_3\Semester5\Subjects\Internet programming technology\LaboratoryWorks\LBR_02\Solution(MyVar)\LBR_02(MyVar))
""2024-09-11 11:56:23 [main] INFO  b.s.s.Lbr02ExampleApplication - No active profile set, falling back to 1 default profile: "default"
""2024-09-11 11:56:24 [main] INFO  o.s.b.w.e.tomcat.TomcatWebServer - Tomcat initialized with port 8080 (http)
""2024-09-11 11:56:24 [main] INFO  o.a.catalina.core.StandardService - Starting service [Tomcat]
""2024-09-11 11:56:24 [main] INFO  o.a.catalina.core.StandardEngine - Starting Servlet engine: [Apache Tomcat/10.1.28]
""2024-09-11 11:56:24 [main] INFO  o.a.c.c.C.[Tomcat].[localhost].[/] - Initializing Spring embedded WebApplicationContext
""2024-09-11 11:56:24 [main] INFO  o.s.b.w.s.c.ServletWebServerApplicationContext - Root WebApplicationContext: initialization completed in 713 ms
""2024-09-11 11:56:24 [main] WARN  o.t.templatemode.TemplateMode - [THYMELEAF][main] Unknown Template Mode 'HTML5'. Must be one of: 'HTML', 'XML', 'TEXT', 'JAVASCRIPT', 'CSS', 'RAW'. Using default Template Mode 'HTML'.
""2024-09-11 11:56:24 [main] INFO  o.s.b.a.w.s.WelcomePageHandlerMapping - Adding welcome page template: index
""2024-09-11 11:56:24 [main] INFO  o.s.b.w.e.tomcat.TomcatWebServer - Tomcat started on port 8080 (http) with context path '/'
""2024-09-11 11:56:24 [main] INFO  b.s.s.Lbr02ExampleApplication - Started Lbr02ExampleApplication in 1.366 seconds (process running for 1.783)
""2024-09-11 11:56:35 [http-nio-8080-exec-1] INFO  o.a.c.c.C.[Tomcat].[localhost].[/] - Initializing Spring DispatcherServlet 'dispatcherServlet'
""2024-09-11 11:56:35 [http-nio-8080-exec-1] INFO  b.s.s.controller.BankController - /index was called
""2024-09-11 11:56:36 [http-nio-8080-exec-5] INFO  b.s.s.controller.BankController - /index was called
""2024-09-11 11:56:37 [http-nio-8080-exec-8] INFO  b.s.s.controller.BankController - /index was called
""2024-09-11 11:56:37 [http-nio-8080-exec-1] INFO  b.s.s.controller.BankController - /index was called
""2024-09-11 11:56:37 [http-nio-8080-exec-3] INFO  b.s.s.controller.BankController - /index was called
""2024-09-11 11:56:46 [http-nio-8080-exec-3] INFO  b.s.s.controller.BankController - /index was called
""2024-09-11 11:57:11 [main] INFO  b.s.s.Lbr02BankApplication - Starting Lbr02BankApplication using Java 22.0.1 with PID 3084 (D:\User\Desktop\StudyAtBSTU\Course_3\Semester5\Subjects\Internet programming technology\LaboratoryWorks\LBR_02\Solution(MyVar)\LBR_02(MyVar)\target\classes started by User in D:\User\Desktop\StudyAtBSTU\Course_3\Semester5\Subjects\Internet programming technology\LaboratoryWorks\LBR_02\Solution(MyVar)\LBR_02(MyVar))
""2024-09-11 11:57:11 [main] INFO  b.s.s.Lbr02BankApplication - No active profile set, falling back to 1 default profile: "default"
""2024-09-11 11:57:12 [main] INFO  o.s.b.w.e.tomcat.TomcatWebServer - Tomcat initialized with port 8080 (http)
""2024-09-11 11:57:12 [main] INFO  o.a.catalina.core.StandardService - Starting service [Tomcat]
""2024-09-11 11:57:12 [main] INFO  o.a.catalina.core.StandardEngine - Starting Servlet engine: [Apache Tomcat/10.1.28]
""2024-09-11 11:57:12 [main] INFO  o.a.c.c.C.[Tomcat].[localhost].[/] - Initializing Spring embedded WebApplicationContext
""2024-09-11 11:57:12 [main] INFO  o.s.b.w.s.c.ServletWebServerApplicationContext - Root WebApplicationContext: initialization completed in 667 ms
""2024-09-11 11:57:12 [main] WARN  o.t.templatemode.TemplateMode - [THYMELEAF][main] Unknown Template Mode 'HTML5'. Must be one of: 'HTML', 'XML', 'TEXT', 'JAVASCRIPT', 'CSS', 'RAW'. Using default Template Mode 'HTML'.
""2024-09-11 11:57:12 [main] INFO  o.s.b.a.w.s.WelcomePageHandlerMapping - Adding welcome page template: index
""2024-09-11 11:57:12 [main] INFO  o.s.b.w.e.tomcat.TomcatWebServer - Tomcat started on port 8080 (http) with context path '/'
""2024-09-11 11:57:12 [main] INFO  b.s.s.Lbr02BankApplication - Started Lbr02BankApplication in 1.271 seconds (process running for 1.681)
""2024-09-11 11:57:15 [http-nio-8080-exec-1] INFO  o.a.c.c.C.[Tomcat].[localhost].[/] - Initializing Spring DispatcherServlet 'dispatcherServlet'
""2024-09-11 11:57:15 [http-nio-8080-exec-1] INFO  b.s.s.controller.BankController - /index was called
""2024-09-11 11:57:15 [http-nio-8080-exec-4] INFO  b.s.s.controller.BankController - /index was called
""2024-09-11 11:57:16 [http-nio-8080-exec-7] INFO  b.s.s.controller.BankController - /index was called
""2024-09-11 11:57:17 [http-nio-8080-exec-10] INFO  b.s.s.controller.BankController - /index was called
""2024-09-11 11:57:26 [http-nio-8080-exec-1] INFO  b.s.s.controller.BankController - /index was called
""2024-09-11 12:37:12 [http-nio-8080-exec-2] INFO  b.s.s.controller.BankController - /index was called
""2024-09-11 12:37:24 [main] INFO  b.s.s.Lbr02BankApplication - Starting Lbr02BankApplication using Java 22.0.1 with PID 15744 (D:\User\Desktop\StudyAtBSTU\Course_3\Semester5\Subjects\Internet programming technology\LaboratoryWorks\LBR_02\Solution(MyVar)\LBR_02(MyVar)\target\classes started by User in D:\User\Desktop\StudyAtBSTU\Course_3\Semester5\Subjects\Internet programming technology\LaboratoryWorks\LBR_02\Solution(MyVar)\LBR_02(MyVar))
""2024-09-11 12:37:24 [main] INFO  b.s.s.Lbr02BankApplication - No active profile set, falling back to 1 default profile: "default"
""2024-09-11 12:37:25 [main] INFO  o.s.b.w.e.tomcat.TomcatWebServer - Tomcat initialized with port 8080 (http)
""2024-09-11 12:37:25 [main] INFO  o.a.catalina.core.StandardService - Starting service [Tomcat]
""2024-09-11 12:37:25 [main] INFO  o.a.catalina.core.StandardEngine - Starting Servlet engine: [Apache Tomcat/10.1.28]
""2024-09-11 12:37:25 [main] INFO  o.a.c.c.C.[Tomcat].[localhost].[/] - Initializing Spring embedded WebApplicationContext
""2024-09-11 12:37:25 [main] INFO  o.s.b.w.s.c.ServletWebServerApplicationContext - Root WebApplicationContext: initialization completed in 784 ms
""2024-09-11 12:37:25 [main] WARN  o.t.templatemode.TemplateMode - [THYMELEAF][main] Unknown Template Mode 'HTML5'. Must be one of: 'HTML', 'XML', 'TEXT', 'JAVASCRIPT', 'CSS', 'RAW'. Using default Template Mode 'HTML'.
""2024-09-11 12:37:25 [main] INFO  o.s.b.a.w.s.WelcomePageHandlerMapping - Adding welcome page template: index
""2024-09-11 12:37:25 [main] INFO  o.s.b.w.e.tomcat.TomcatWebServer - Tomcat started on port 8080 (http) with context path '/'
""2024-09-11 12:37:25 [main] INFO  b.s.s.Lbr02BankApplication - Started Lbr02BankApplication in 1.442 seconds (process running for 1.85)
""2024-09-11 12:37:52 [http-nio-8080-exec-1] INFO  o.a.c.c.C.[Tomcat].[localhost].[/] - Initializing Spring DispatcherServlet 'dispatcherServlet'
""2024-09-11 12:37:52 [http-nio-8080-exec-1] INFO  b.s.s.controller.BankController - /index was called
"