Сборка начата 07.12.2024 10:50:28.
Уровень детализации журнала: Normal.     1>Проект "D:\User\Desktop\StudyAtBSTU\Course_3\Semester5\Subjects\SystemProgramming\LaboratoryWorks\LBR_07\Solution\Lab-07a\Lab-07a\Lab-07a.vcxproj" в узле 2 (целевые объекты Build).
     1>PrepareForBuild:
         Структурированный вывод включен. Форматирование диагностики компилятора будет отражать иерархию ошибок. Подробнее см. https://aka.ms/cpp/structured-output.
       InitializeBuildStatus:
         Обращение к "Lab-07a\x64\Debug\Lab-07a.tlog\unsuccessfulbuild".
       ClCompile:
         C:\Program Files\Microsoft Visual Studio\2022\Community\VC\Tools\MSVC\14.41.34120\bin\HostX64\x64\CL.exe /c /ZI /JMC /nologo /W3 /WX- /diagnostics:column /sdl /Od /Gm- /EHsc /RTC1 /MDd /GS /fp:precise /Zc:wchar_t /Zc:forScope /Zc:inline /permissive- /Fo"Lab-07a\x64\Debug\\" /Fd"Lab-07a\x64\Debug\vc143.pdb" /external:W3 /Gd /TC /FC /errorReport:prompt Main.c
         Main.c
     1>D:\User\Desktop\StudyAtBSTU\Course_3\Semester5\Subjects\SystemProgramming\LaboratoryWorks\LBR_07\Solution\Lab-07a\Lab-07a\Main.c(172,42): warning C4474: "scanf" : для строки формата передано слишком много аргументов
             D:\User\Desktop\StudyAtBSTU\Course_3\Semester5\Subjects\SystemProgramming\LaboratoryWorks\LBR_07\Solution\Lab-07a\Lab-07a\Main.c(172,42):
             заполнители и их параметры ожидают переменное число аргументов в количестве 1, но было предоставлено 2
         
     1>D:\User\Desktop\StudyAtBSTU\Course_3\Semester5\Subjects\SystemProgramming\LaboratoryWorks\LBR_07\Solution\Lab-07a\Lab-07a\Main.c(174,45): warning C4474: "scanf" : для строки формата передано слишком много аргументов
             D:\User\Desktop\StudyAtBSTU\Course_3\Semester5\Subjects\SystemProgramming\LaboratoryWorks\LBR_07\Solution\Lab-07a\Lab-07a\Main.c(174,45):
             заполнители и их параметры ожидают переменное число аргументов в количестве 1, но было предоставлено 2
         
     1>D:\User\Desktop\StudyAtBSTU\Course_3\Semester5\Subjects\SystemProgramming\LaboratoryWorks\LBR_07\Solution\Lab-07a\Lab-07a\Main.c(180,40): warning C4474: "scanf" : для строки формата передано слишком много аргументов
             D:\User\Desktop\StudyAtBSTU\Course_3\Semester5\Subjects\SystemProgramming\LaboratoryWorks\LBR_07\Solution\Lab-07a\Lab-07a\Main.c(180,40):
             заполнители и их параметры ожидают переменное число аргументов в количестве 1, но было предоставлено 2
         
       Link:
         C:\Program Files\Microsoft Visual Studio\2022\Community\VC\Tools\MSVC\14.41.34120\bin\HostX64\x64\link.exe /ERRORREPORT:PROMPT /OUT:"D:\User\Desktop\StudyAtBSTU\Course_3\Semester5\Subjects\SystemProgramming\LaboratoryWorks\LBR_07\Solution\Lab-07a\Lab-07a\x64\Debug\Lab-07a.exe" /INCREMENTAL /ILK:"Lab-07a\x64\Debug\Lab-07a.ilk" /NOLOGO kernel32.lib user32.lib gdi32.lib winspool.lib comdlg32.lib advapi32.lib shell32.lib ole32.lib oleaut32.lib uuid.lib odbc32.lib odbccp32.lib /MANIFEST /MANIFESTUAC:"level='asInvoker' uiAccess='false'" /manifest:embed /DEBUG /PDB:"D:\User\Desktop\StudyAtBSTU\Course_3\Semester5\Subjects\SystemProgramming\LaboratoryWorks\LBR_07\Solution\Lab-07a\Lab-07a\x64\Debug\Lab-07a.pdb" /SUBSYSTEM:CONSOLE /TLBID:1 /DYNAMICBASE /NXCOMPAT /IMPLIB:"D:\User\Desktop\StudyAtBSTU\Course_3\Semester5\Subjects\SystemProgramming\LaboratoryWorks\LBR_07\Solution\Lab-07a\Lab-07a\x64\Debug\Lab-07a.lib" /MACHINE:X64 "Lab-07a\x64\Debug\Main.obj"
         Lab-07a.vcxproj -> D:\User\Desktop\StudyAtBSTU\Course_3\Semester5\Subjects\SystemProgramming\LaboratoryWorks\LBR_07\Solution\Lab-07a\Lab-07a\x64\Debug\Lab-07a.exe
       FinalizeBuildStatus:
         Файл "Lab-07a\x64\Debug\Lab-07a.tlog\unsuccessfulbuild" удаляется.
         Обращение к "Lab-07a\x64\Debug\Lab-07a.tlog\Lab-07a.lastbuildstate".
     1>Сборка проекта "D:\User\Desktop\StudyAtBSTU\Course_3\Semester5\Subjects\SystemProgramming\LaboratoryWorks\LBR_07\Solution\Lab-07a\Lab-07a\Lab-07a.vcxproj" завершена (целевые объекты Build).

Сборка успешно завершена.

       "D:\User\Desktop\StudyAtBSTU\Course_3\Semester5\Subjects\SystemProgramming\LaboratoryWorks\LBR_07\Solution\Lab-07a\Lab-07a\Lab-07a.vcxproj" (целевой объект Build ) (1) ->
       (Целевой объект ClCompile) -> 
         D:\User\Desktop\StudyAtBSTU\Course_3\Semester5\Subjects\SystemProgramming\LaboratoryWorks\LBR_07\Solution\Lab-07a\Lab-07a\Main.c(172,42): warning C4474: "scanf" : для строки формата передано слишком много аргументов
         D:\User\Desktop\StudyAtBSTU\Course_3\Semester5\Subjects\SystemProgramming\LaboratoryWorks\LBR_07\Solution\Lab-07a\Lab-07a\Main.c(174,45): warning C4474: "scanf" : для строки формата передано слишком много аргументов
         D:\User\Desktop\StudyAtBSTU\Course_3\Semester5\Subjects\SystemProgramming\LaboratoryWorks\LBR_07\Solution\Lab-07a\Lab-07a\Main.c(180,40): warning C4474: "scanf" : для строки формата передано слишком много аргументов

    Предупреждений: 3
    Ошибок: 0

Прошло времени 00:00:00.63
