Сборка начата 20.09.2024 8:36:32.
Уровень детализации журнала: Normal.     1>Проект "D:\User\Desktop\StudyAtBSTU\Course_3\Semester5\Subjects\OperatingSystems\LaboratoryWorks\LBR_03\Solution\Ex_2\os03_02_1\os03_02_1\os03_02_1.vcxproj" в узле 2 (целевые объекты Build).
     1>PrepareForBuild:
         Структурированный вывод включен. Форматирование диагностики компилятора будет отражать иерархию ошибок. Подробнее см. https://aka.ms/cpp/structured-output.
       InitializeBuildStatus:
         Создание "os03_02_1\x64\Debug\os03_02_1.tlog\unsuccessfulbuild", так как было задано "AlwaysCreate".
         Обращение к "os03_02_1\x64\Debug\os03_02_1.tlog\unsuccessfulbuild".
       ClCompile:
         C:\Program Files\Microsoft Visual Studio\2022\Community\VC\Tools\MSVC\14.41.34120\bin\HostX64\x64\CL.exe /c /ZI /JMC /nologo /W3 /WX- /diagnostics:column /sdl /Od /D _DEBUG /D _CONSOLE /D _UNICODE /D UNICODE /Gm- /EHsc /RTC1 /MDd /GS /fp:precise /Zc:wchar_t /Zc:forScope /Zc:inline /permissive- /Fo"os03_02_1\x64\Debug\\" /Fd"os03_02_1\x64\Debug\vc143.pdb" /external:W3 /Gd /TP /FC /errorReport:prompt os03_02_1.cpp
         os03_02_1.cpp
       Link:
         C:\Program Files\Microsoft Visual Studio\2022\Community\VC\Tools\MSVC\14.41.34120\bin\HostX64\x64\link.exe /ERRORREPORT:PROMPT /OUT:"D:\User\Desktop\StudyAtBSTU\Course_3\Semester5\Subjects\OperatingSystems\LaboratoryWorks\LBR_03\Solution\Ex_2\os03_02_1\os03_02_1\x64\Debug\os03_02_1.exe" /INCREMENTAL /ILK:"os03_02_1\x64\Debug\os03_02_1.ilk" /NOLOGO kernel32.lib user32.lib gdi32.lib winspool.lib comdlg32.lib advapi32.lib shell32.lib ole32.lib oleaut32.lib uuid.lib odbc32.lib odbccp32.lib /MANIFEST /MANIFESTUAC:"level='asInvoker' uiAccess='false'" /manifest:embed /DEBUG /PDB:"D:\User\Desktop\StudyAtBSTU\Course_3\Semester5\Subjects\OperatingSystems\LaboratoryWorks\LBR_03\Solution\Ex_2\os03_02_1\os03_02_1\x64\Debug\os03_02_1.pdb" /SUBSYSTEM:CONSOLE /TLBID:1 /DYNAMICBASE /NXCOMPAT /IMPLIB:"D:\User\Desktop\StudyAtBSTU\Course_3\Semester5\Subjects\OperatingSystems\LaboratoryWorks\LBR_03\Solution\Ex_2\os03_02_1\os03_02_1\x64\Debug\os03_02_1.lib" /MACHINE:X64 os03_02_1\x64\Debug\os03_02_1.obj
         os03_02_1.vcxproj -> D:\User\Desktop\StudyAtBSTU\Course_3\Semester5\Subjects\OperatingSystems\LaboratoryWorks\LBR_03\Solution\Ex_2\os03_02_1\os03_02_1\x64\Debug\os03_02_1.exe
       TlogCleanup:
         Следующие элементы будут удалены из tlogs, так как они были удалены из проекта или сборки: D:\User\Desktop\StudyAtBSTU\Course_3\Semester5\Subjects\Operating systems\Laboratory works\LBR_03\Solution\Ex_2\os03_02_1\os03_02_1\os03_02_1.cpp.
       FinalizeBuildStatus:
         Файл "os03_02_1\x64\Debug\os03_02_1.tlog\unsuccessfulbuild" удаляется.
         Обращение к "os03_02_1\x64\Debug\os03_02_1.tlog\os03_02_1.lastbuildstate".
     1>Сборка проекта "D:\User\Desktop\StudyAtBSTU\Course_3\Semester5\Subjects\OperatingSystems\LaboratoryWorks\LBR_03\Solution\Ex_2\os03_02_1\os03_02_1\os03_02_1.vcxproj" завершена (целевые объекты Build).

Сборка успешно завершена.
    Предупреждений: 0
    Ошибок: 0

Прошло времени 00:00:01.04
