Сборка начата 12.11.2024 10:59:31.
Уровень детализации журнала: Normal.     1>Проект "D:\User\Desktop\StudyAtBSTU\Course_3\Semester5\Subjects\Network application programming\Laboratory works\LBR_04\Solution\ClientB\ClientB\ClientB.vcxproj" в узле 2 (целевые объекты Build).
     1>PrepareForBuild:
         Структурированный вывод включен. Форматирование диагностики компилятора будет отражать иерархию ошибок. Подробнее см. https://aka.ms/cpp/structured-output.
       InitializeBuildStatus:
         Создание "ClientB\x64\Debug\ClientB.tlog\unsuccessfulbuild", так как было задано "AlwaysCreate".
         Обращение к "ClientB\x64\Debug\ClientB.tlog\unsuccessfulbuild".
       ClCompile:
         C:\Program Files\Microsoft Visual Studio\2022\Community\VC\Tools\MSVC\14.41.34120\bin\HostX64\x64\CL.exe /c /ZI /JMC /nologo /W3 /WX- /diagnostics:column /sdl /Od /D _DEBUG /D _CONSOLE /D _UNICODE /D UNICODE /Gm- /EHsc /RTC1 /MDd /GS /fp:precise /Zc:wchar_t /Zc:forScope /Zc:inline /permissive- /Fo"ClientB\x64\Debug\\" /Fd"ClientB\x64\Debug\vc143.pdb" /external:W3 /Gd /TP /FC /errorReport:prompt ClientB.cpp
         ClientB.cpp
     1>D:\User\Desktop\StudyAtBSTU\Course_3\Semester5\Subjects\Network application programming\Laboratory works\LBR_04\Solution\ClientB\ClientB\ClientB.cpp(63,48): warning C4267: аргумент: преобразование из "size_t" в "int"; возможна потеря данных
       Link:
         C:\Program Files\Microsoft Visual Studio\2022\Community\VC\Tools\MSVC\14.41.34120\bin\HostX64\x64\link.exe /ERRORREPORT:PROMPT /OUT:"D:\User\Desktop\StudyAtBSTU\Course_3\Semester5\Subjects\Network application programming\Laboratory works\LBR_04\Solution\ClientB\ClientB\x64\Debug\ClientB.exe" /INCREMENTAL /ILK:"ClientB\x64\Debug\ClientB.ilk" /NOLOGO kernel32.lib user32.lib gdi32.lib winspool.lib comdlg32.lib advapi32.lib shell32.lib ole32.lib oleaut32.lib uuid.lib odbc32.lib odbccp32.lib /MANIFEST /MANIFESTUAC:"level='asInvoker' uiAccess='false'" /manifest:embed /DEBUG /PDB:"D:\User\Desktop\StudyAtBSTU\Course_3\Semester5\Subjects\Network application programming\Laboratory works\LBR_04\Solution\ClientB\ClientB\x64\Debug\ClientB.pdb" /SUBSYSTEM:CONSOLE /TLBID:1 /DYNAMICBASE /NXCOMPAT /IMPLIB:"D:\User\Desktop\StudyAtBSTU\Course_3\Semester5\Subjects\Network application programming\Laboratory works\LBR_04\Solution\ClientB\ClientB\x64\Debug\ClientB.lib" /MACHINE:X64 ClientB\x64\Debug\ClientB.obj
         ClientB\x64\Debug\Errors.obj
         ClientB.vcxproj -> D:\User\Desktop\StudyAtBSTU\Course_3\Semester5\Subjects\Network application programming\Laboratory works\LBR_04\Solution\ClientB\ClientB\x64\Debug\ClientB.exe
       FinalizeBuildStatus:
         Файл "ClientB\x64\Debug\ClientB.tlog\unsuccessfulbuild" удаляется.
         Обращение к "ClientB\x64\Debug\ClientB.tlog\ClientB.lastbuildstate".
     1>Сборка проекта "D:\User\Desktop\StudyAtBSTU\Course_3\Semester5\Subjects\Network application programming\Laboratory works\LBR_04\Solution\ClientB\ClientB\ClientB.vcxproj" завершена (целевые объекты Build).

Сборка успешно завершена.

       "D:\User\Desktop\StudyAtBSTU\Course_3\Semester5\Subjects\Network application programming\Laboratory works\LBR_04\Solution\ClientB\ClientB\ClientB.vcxproj" (целевой объект Build ) (1) ->
       (Целевой объект ClCompile) -> 
         D:\User\Desktop\StudyAtBSTU\Course_3\Semester5\Subjects\Network application programming\Laboratory works\LBR_04\Solution\ClientB\ClientB\ClientB.cpp(63,48): warning C4267: аргумент: преобразование из "size_t" в "int"; возможна потеря данных

    Предупреждений: 1
    Ошибок: 0

Прошло времени 00:00:00.85
