Сборка начата 04.10.2024 6:04:02.
Уровень детализации журнала: Normal.     1>Проект "D:\User\Desktop\StudyAtBSTU\Course_3\Semester5\Subjects\OperatingSystems\LaboratoryWorks\LBR_04\Solution\Ex_3\Ex_3\Ex_3.vcxproj" в узле 2 (целевые объекты Build).
     1>PrepareForBuild:
         Структурированный вывод включен. Форматирование диагностики компилятора будет отражать иерархию ошибок. Подробнее см. https://aka.ms/cpp/structured-output.
         Создание каталога "D:\User\Desktop\StudyAtBSTU\Course_3\Semester5\Subjects\OperatingSystems\LaboratoryWorks\LBR_04\Solution\Ex_3\Ex_3\x64\Debug\".
         Создание каталога "Ex_3\x64\Debug\Ex_3.tlog\".
       InitializeBuildStatus:
         Создание "Ex_3\x64\Debug\Ex_3.tlog\unsuccessfulbuild", так как было задано "AlwaysCreate".
         Обращение к "Ex_3\x64\Debug\Ex_3.tlog\unsuccessfulbuild".
       ClCompile:
         C:\Program Files\Microsoft Visual Studio\2022\Community\VC\Tools\MSVC\14.41.34120\bin\HostX64\x64\CL.exe /c /ZI /JMC /nologo /W3 /WX- /diagnostics:column /sdl /Od /D _DEBUG /D _CONSOLE /D _UNICODE /D UNICODE /Gm- /EHsc /RTC1 /MDd /GS /fp:precise /Zc:wchar_t /Zc:forScope /Zc:inline /permissive- /Fo"Ex_3\x64\Debug\\" /Fd"Ex_3\x64\Debug\vc143.pdb" /external:W3 /Gd /TP /FC /errorReport:prompt Main.cpp
         Main.cpp
       Link:
         C:\Program Files\Microsoft Visual Studio\2022\Community\VC\Tools\MSVC\14.41.34120\bin\HostX64\x64\link.exe /ERRORREPORT:PROMPT /OUT:"D:\User\Desktop\StudyAtBSTU\Course_3\Semester5\Subjects\OperatingSystems\LaboratoryWorks\LBR_04\Solution\Ex_3\Ex_3\x64\Debug\Ex_3.exe" /INCREMENTAL /ILK:"Ex_3\x64\Debug\Ex_3.ilk" /NOLOGO kernel32.lib user32.lib gdi32.lib winspool.lib comdlg32.lib advapi32.lib shell32.lib ole32.lib oleaut32.lib uuid.lib odbc32.lib odbccp32.lib /MANIFEST /MANIFESTUAC:"level='asInvoker' uiAccess='false'" /manifest:embed /DEBUG /PDB:"D:\User\Desktop\StudyAtBSTU\Course_3\Semester5\Subjects\OperatingSystems\LaboratoryWorks\LBR_04\Solution\Ex_3\Ex_3\x64\Debug\Ex_3.pdb" /SUBSYSTEM:CONSOLE /TLBID:1 /DYNAMICBASE /NXCOMPAT /IMPLIB:"D:\User\Desktop\StudyAtBSTU\Course_3\Semester5\Subjects\OperatingSystems\LaboratoryWorks\LBR_04\Solution\Ex_3\Ex_3\x64\Debug\Ex_3.lib" /MACHINE:X64 Ex_3\x64\Debug\Main.obj
         Ex_3.vcxproj -> D:\User\Desktop\StudyAtBSTU\Course_3\Semester5\Subjects\OperatingSystems\LaboratoryWorks\LBR_04\Solution\Ex_3\Ex_3\x64\Debug\Ex_3.exe
       FinalizeBuildStatus:
         Файл "Ex_3\x64\Debug\Ex_3.tlog\unsuccessfulbuild" удаляется.
         Обращение к "Ex_3\x64\Debug\Ex_3.tlog\Ex_3.lastbuildstate".
     1>Сборка проекта "D:\User\Desktop\StudyAtBSTU\Course_3\Semester5\Subjects\OperatingSystems\LaboratoryWorks\LBR_04\Solution\Ex_3\Ex_3\Ex_3.vcxproj" завершена (целевые объекты Build).

Сборка успешно завершена.
    Предупреждений: 0
    Ошибок: 0

Прошло времени 00:00:01.66
