Сборка начата 22.10.2024 10:24:07.
Уровень детализации журнала: Normal.     1>Проект "D:\User\Desktop\StudyAtBSTU\Course_3\Semester5\Subjects\Network application programming\Laboratory works\LBR_03\Solution\ServerU_TCP_and_DCP\Server\Server.vcxproj" в узле 2 (целевые объекты Build).
     1>PrepareForBuild:
         Структурированный вывод включен. Форматирование диагностики компилятора будет отражать иерархию ошибок. Подробнее см. https://aka.ms/cpp/structured-output.
       InitializeBuildStatus:
         Создание "Server\x64\Debug\Server.tlog\unsuccessfulbuild", так как было задано "AlwaysCreate".
         Обращение к "Server\x64\Debug\Server.tlog\unsuccessfulbuild".
       ClCompile:
         Для всех выходных данных обновления не требуется.
       Link:
         Для всех выходных данных обновления не требуется.
         Server.vcxproj -> D:\User\Desktop\StudyAtBSTU\Course_3\Semester5\Subjects\Network application programming\Laboratory works\LBR_03\Solution\ServerU_TCP_and_DCP\Server\x64\Debug\Server.exe
       FinalizeBuildStatus:
         Файл "Server\x64\Debug\Server.tlog\unsuccessfulbuild" удаляется.
         Обращение к "Server\x64\Debug\Server.tlog\Server.lastbuildstate".
     1>Сборка проекта "D:\User\Desktop\StudyAtBSTU\Course_3\Semester5\Subjects\Network application programming\Laboratory works\LBR_03\Solution\ServerU_TCP_and_DCP\Server\Server.vcxproj" завершена (целевые объекты Build).

Сборка успешно завершена.
    Предупреждений: 0
    Ошибок: 0

Прошло времени 00:00:00.18
