"2024-09-11 11:33:08 [main] INFO  b.s.s.Lbr02ExampleApplication - Starting Lbr02ExampleApplication using Java 22.0.1 with PID 5652 (D:\User\Desktop\StudyAtBSTU\Course_3\Semester5\Subjects\Internet programming technology\LaboratoryWorks\LBR_02\Solution(Example)\LBR_02_Example\target\classes started by User in D:\User\Desktop\StudyAtBSTU\Course_3\Semester5\Subjects\Internet programming technology\LaboratoryWorks\LBR_02\Solution(Example)\LBR_02_Example)
""2024-09-11 11:33:08 [main] INFO  b.s.s.Lbr02ExampleApplication - No active profile set, falling back to 1 default profile: "default"
""2024-09-11 11:33:09 [main] INFO  o.s.b.w.e.tomcat.TomcatWebServer - Tomcat initialized with port 8080 (http)
""2024-09-11 11:33:09 [main] INFO  o.a.catalina.core.StandardService - Starting service [Tomcat]
""2024-09-11 11:33:09 [main] INFO  o.a.catalina.core.StandardEngine - Starting Servlet engine: [Apache Tomcat/10.1.28]
""2024-09-11 11:33:09 [main] INFO  o.a.c.c.C.[Tomcat].[localhost].[/] - Initializing Spring embedded WebApplicationContext
""2024-09-11 11:33:09 [main] INFO  o.s.b.w.s.c.ServletWebServerApplicationContext - Root WebApplicationContext: initialization completed in 705 ms
""2024-09-11 11:33:09 [main] WARN  o.t.templatemode.TemplateMode - [THYMELEAF][main] Unknown Template Mode 'HTML5'. Must be one of: 'HTML', 'XML', 'TEXT', 'JAVASCRIPT', 'CSS', 'RAW'. Using default Template Mode 'HTML'.
""2024-09-11 11:33:09 [main] INFO  o.s.b.a.w.s.WelcomePageHandlerMapping - Adding welcome page template: index
""2024-09-11 11:33:09 [main] INFO  o.s.b.w.e.tomcat.TomcatWebServer - Tomcat started on port 8080 (http) with context path '/'
""2024-09-11 11:33:09 [main] INFO  b.s.s.Lbr02ExampleApplication - Started Lbr02ExampleApplication in 1.332 seconds (process running for 1.702)
""2024-09-11 11:33:15 [http-nio-8080-exec-1] INFO  o.a.c.c.C.[Tomcat].[localhost].[/] - Initializing Spring DispatcherServlet 'dispatcherServlet'
""2024-09-11 11:33:15 [http-nio-8080-exec-1] INFO  b.s.s.controller.BookController - /index was called
""2024-09-11 11:33:32 [http-nio-8080-exec-3] INFO  b.s.s.controller.BookController - /index was called
""2024-09-11 11:41:46 [main] INFO  b.s.s.Lbr02ExampleApplication - Starting Lbr02ExampleApplication using Java 22.0.1 with PID 3420 (D:\User\Desktop\StudyAtBSTU\Course_3\Semester5\Subjects\Internet programming technology\LaboratoryWorks\LBR_02\Solution(Example)\LBR_02_Example\target\classes started by User in D:\User\Desktop\StudyAtBSTU\Course_3\Semester5\Subjects\Internet programming technology\LaboratoryWorks\LBR_02\Solution(Example)\LBR_02_Example)
""2024-09-11 11:41:46 [main] INFO  b.s.s.Lbr02ExampleApplication - No active profile set, falling back to 1 default profile: "default"
""2024-09-11 11:41:47 [main] INFO  o.s.b.w.e.tomcat.TomcatWebServer - Tomcat initialized with port 8080 (http)
""2024-09-11 11:41:47 [main] INFO  o.a.catalina.core.StandardService - Starting service [Tomcat]
""2024-09-11 11:41:47 [main] INFO  o.a.catalina.core.StandardEngine - Starting Servlet engine: [Apache Tomcat/10.1.28]
""2024-09-11 11:41:47 [main] INFO  o.a.c.c.C.[Tomcat].[localhost].[/] - Initializing Spring embedded WebApplicationContext
""2024-09-11 11:41:47 [main] INFO  o.s.b.w.s.c.ServletWebServerApplicationContext - Root WebApplicationContext: initialization completed in 699 ms
""2024-09-11 11:41:47 [main] WARN  o.t.templatemode.TemplateMode - [THYMELEAF][main] Unknown Template Mode 'HTML5'. Must be one of: 'HTML', 'XML', 'TEXT', 'JAVASCRIPT', 'CSS', 'RAW'. Using default Template Mode 'HTML'.
""2024-09-11 11:41:47 [main] INFO  o.s.b.a.w.s.WelcomePageHandlerMapping - Adding welcome page template: index
""2024-09-11 11:41:47 [main] WARN  o.s.b.w.s.c.AnnotationConfigServletWebServerApplicationContext - Exception encountered during context initialization - cancelling refresh attempt: org.springframework.context.ApplicationContextException: Failed to start bean 'webServerStartStop'
""2024-09-11 11:41:47 [main] INFO  o.s.b.a.l.ConditionEvaluationReportLogger - 

Error starting ApplicationContext. To display the condition evaluation report re-run your application with 'debug' enabled.
""2024-09-11 11:41:47 [main] ERROR o.s.b.d.LoggingFailureAnalysisReporter - 

***************************
APPLICATION FAILED TO START
***************************

Description:

Web server failed to start. Port 8080 was already in use.

Action:

Identify and stop the process that's listening on port 8080 or configure this application to listen on another port.

"